Log: Log file open, 02/14/21 17:54:30
Init: ----------------------------------------
Init: SWAT VERSION NUMBER: 1.0
Init: ----------------------------------------
Init: Compiled: Nov 22 2005 12:00:47
Init: Command line:  
Init: Base directory: C:\Program Files (x86)\VUGames\SWAT 4\ContentExpansion\System\
Init: Character set: Unicode
Init: Found startup configuration: Startup.ini
Init: Adding FilePath: ..\System;..\Content\Scenarios;..\Content\Maps;..\..\ContentExpansion\System;..\..\ContentExpansion\Scenarios;..\..\ContentExpansion\Maps;..\..\ContentExpansion\Movies;..\..\ContentExpansion\LocalizedContent;..\..\ContentExpansion\Sounds;..\..\ContentExpansion\CustomSkins;..\..\ContentExpansion\Test\Maps;..\..\Content\System;..\..\Content\Scenarios;..\..\Content\Maps;..\..\LocalizedContent;..\..\Content\Sounds;..\..\Content\Movies;..\..\Content\Test\Maps
Log: Bound to Window.dll
Log: Bound to Core.dll
Log: Bound to Scripting.dll
Log: Bound to Engine.dll
Log: Bound to SwatAIAwareness.dll
Log: Bound to AICommon.dll
Log: Bound to ALAudio.dll
Init: Object subsystem initialized
Init: Computer: SIRMORDRAGPC
Init: User: SirMordrag
Init: CPU Page size=4096, Processors=2
Init: CPU Detected: PentiumPro-class processor (GenuineIntel)
Init: CPU Features: CMov FPU RDTSC PAE MMX SSE
Init: CPU Speed=3005.255745 MHz
Init: Memory total: Phys=4194303K Pagef=4194303K Virt=2097024K
Init: Working set: 32000 / 159000
Init: Physical Memory: 4095 MByte
Init: D3D Device: Mem query DX7(3DDEVICE | LOCALVIDMEM | TEXTURE | VIDEOMEMORY) = 1057685504
Init: D3D Device: Mem query DX7(LOCALVIDMEM | TEXTURE | VIDEOMEMORY) = 1057685504
Init: D3D Device: Mem query DX7(OFFSCREENPLAIN | LOCALVIDMEM | VIDEOMEMORY) = 1057685504
Init: D3D Device: Mem query WMIVideoMemory = 1073741824
Init: D3D Device: Video memory on board: 1020 (MB)
Log: [ALAUDIO] - Initializing ALAudio device
Log: OS ID: 5
Log: SetInitialConfiguration: D3D Device VendorID=0x1002 DeviceID=0x6759 DriverVersion.LowPart=0x57C
Log: Bound to SwatGame.dll
Log: Bound to RWOSupport.dll
Log: Bound to Tyrion.dll
Log: Bound to GUI.dll
Log: Bound to SwatAICommon.dll
Log: Bound to Editor.dll
Log: Bound to ScriptCompiler.dll
Log: Bound to IGEffectsSystem.dll
Log: Bound to IGSoundEffectsSubsystem.dll
Log: Bound to SwatEquipment.dll
Log: (Havok): Initializing base system.
Log: Bound to IGVisualEffectsSubsystem.dll
Init: Unreal engine initialized
Log: Bound to WinDrv.dll
Init: Client initialized
Log: Bound to D3DDrv.dll
Init: Direct3D adapters detected:
Log: 	aticfx32.dll/AMD Radeon HD 6570
Init: D3D Driver: MaxTextureBlendStages=8
Init: D3D Driver: MaxSimultaneousTextures=8
Init: D3D Driver: MaxActiveLights=8
Init: D3D Driver: MaxPrimitiveCount=5592405
Init: D3D Driver: MaxVertexIndex=16777215
Init: D3D Driver: MaxStreams=16
Init: D3D Driver: MaxStreamStride=508
Init: D3D Driver: MaxVertexShaderConst=256
Init: D3D Driver: VertexShaderVersion=3.0
Init: D3D Driver: PixelShaderVersion=3.0
Init: D3D Driver: AGP support detected
Init: D3D Driver (IG_SHADER): PixelShaderVersion = min(30,30) = 30
Init: D3D Driver (IG_SHADER): VertexShaderVersion = 30
Init: D3D Driver (IG_SHADER): SupportsVertexShaders = 1
Init: D3D Driver (IG_SHADER): SupportsPixelShaders = 1
Init: D3D Driver (IG_SHADER): MaxVertexShaderConst = 256
Init: D3D Driver (IG_SHADER): VertexShaderConstants TotalSize = 256
Init: D3D Driver (IG_SHADER): PixelShaderConstants TotalSize = 8
Init: D3D Driver: Using w- pixel fog
Init: D3D Driver: Supports trilinear
Init: D3D Driver: Supports BLENDDIFFUSEALPHA
Init: D3D Driver: Supports LOD biasing
Init: D3D Driver: Supports Z biasing
Init: D3D Driver: Supports D3DTOP_ADDSIGNED2X
Init: D3D Driver: Supports D3DTOP_BUMPENVMAP
Init: D3D Driver: Supports D3DTOP_BUMPENVMAPLUMINANCE
Init: D3D Driver: Supports D3DTOP_DOTPRODUCT3
Init: D3D Driver: Supports D3DTOP_MODULATEALPHA_ADDCOLOR
Init: D3D Driver: Supports D3DTOP_MODULATECOLOR_ADDALPHA
Init: Unreal Engine Direct3D support - internal version: SB3
Init: D3D Device: szDriver=aticfx32.dll
Init: D3D Device: szDescription=AMD Radeon HD 6570
Init: D3D Device: wProduct=8
Init: D3D Device: wVersion=17
Init: D3D Device: wSubVersion=10
Init: D3D Device: wBuild=1404
Init: D3D Device: dwVendorId=4098
Init: D3D Device: dwDeviceId=26457
Init: D3D Device: dwSubSysId=-510453941
Init: D3D Device: dwRevision=0
Init: D3D Detected: ATI video card
Init: D3D Device: using cubemaps [with mipmaps]
Log: Updating Revision level for A246C89049F8607CCDD027B868DB2981 to 0
Log: Updating Revision level for 45C8F10D477E7DFF02963A925F85E9C1 to 0
Log: Updating Revision level for C4A9081D4C01BEDF54E5C7BBE80C6029 to 0
Log: Updating Revision level for 55C276CC4C827C4C53866DA5A32CF947 to 0
Log: Updating MD5 for EFC151864FDEC332622EB780298DD717 [fc1353eb857d6873c2d9f00f049ac61b510752df6117a3eea6b68a014be1893c]
Log: Updating Revision level for 8291850240BC4643DD2FAA866E12BE34 to 0
Log: Updating Revision level for AC30A481409371049A6BE7BE350F4793 to 0
Log: Updating Revision level for 85F300644D665495977D65B27EC5CE44 to 0
Log: Updating Revision level for 39DBEF6F411031615EB9A0A24A1E9475 to 0
Log: Updating Revision level for D84AF2CF468D4D93B05CD19B4A500C59 to 0
Log: Updating Revision level for F6746F6249C8EC8C0DBEB9BA6042CB32 to 0
Log: Updating Revision level for 0405051E4DB9342E7BB4818BD7F472A4 to 0
Log: Updating Revision level for D2604AF94B637D74A466F8B538ED2DAC to 0
Log: Updating Revision level for 02710B8A49EAC69EA7BF35937F351CF0 to 0
Log: Updating MD5 for CAF3C15D4199C2192F117A9594AD7C6D [63f2b7d204a2a03663ce8f64d712bbfd6a85b424679705aa99fcc07e9132e489]
Log: Updating Revision level for 2865C3EF43EEABC8EB15DFA4736AD1E0 to 0
Log: Updating Revision level for A67169AC4F852527CA2FD6BCCD4BA276 to 0
Log: Updating Revision level for 2A14F4F34A90CEB3A5DB07A9C7A8F18F to 0
Log: Updating Revision level for 39A5A9AA4BEFD83224C2449AEB964936 to 0
Log: Updating Revision level for 5388625A4EA38077C06F07B6B7554235 to 0
Log: Updating Revision level for 93E82C164BCFEEC4B8AE4588102751A5 to 0
Log: Updating MD5 for 18DA94FB495F409E9F14CDAC6A876510 [2df4834185d6fdee27ff0adb7d9783043bdfd23f33eaca3e348c9ad0fe8aa21c]
Log: Updating MD5 for D1401794486F3F19C3272B9ECCC58A91 [2df4834185d6fdee27ff0adb7d9783043bdfd23f33eaca3e348c9ad0fe8aa21c73222d2fef371cfffb64ae1a868de688]
Log: LocalizedSoundPathRoot for language 'eng' is 'int\Sounds\'
Log: ALAudio: Couldn't find a means to record audio.
Init: ALAudio: subsystem initialized.
DevMassive: ADCLIENT: MMT_Initialize swat_4_pc_na: MMT_SUCCESS
Log: LoadMap: Entry
Log: [dkaplan]: URL.Map = Entry
Log: ****************************************************
Log:  Beginning level load: 'Entry'
Log: ****************************************************
Log: ****************************************************
Log:  Finished level load in 0.027 seconds
Log: ****************************************************
Log: Building Collision Octree...
Log: Finished Building Collision Octree
Log: Game class is 'GameInfo'
Log: Level is Level Entry.myLevel
Log: *** WARNING - PATHS MAY NOT BE VALID ***
Log: Bringing Level Entry.myLevel up for play (0)...
Log: ---------- IsTheEntryLevel = 1, GameEngine=0x2F91900, GameEngine->GEntry=0x0, GameEngine->GEntry->GetLevelInfo()=0x0, current LevelInfo=0xD4C1500
VoiceChat: GameInfo0 VoiceReplicationInfo created: None
DevMassive: ADCLIENT: Level has empty ZoneName.
DevMassive: ADCLIENT: Zone could not be downloaded, no ads will be served.
Log: Loadmap executed in 0.08 seconds. (0.02 Verify) (0.03 Load) (0.03 Actor Init)
Log: UGameEngine::Init() ... CommandLine =  
Log: Browse: Entry.s4m?Name=ArseArsonist?Class=SwatGame.SwatPlayer?team=255
Log: LoadMap: Entry.s4m?Name=ArseArsonist?Class=SwatGame.SwatPlayer?team=255
Log: [dkaplan]: URL.Map = Entry.s4m
Log: ****************************************************
Log:  Beginning level load: 'Entry.s4m'
Log: ****************************************************
Log: ****************************************************
Log:  Finished level load in 0 seconds
Log: ****************************************************
DevMassive: ADCLIENT: Level has empty ZoneName.
DevMassive: ADCLIENT: Zone could not be downloaded, no ads will be served.
Log: Loadmap executed in 0.01 seconds. (0.00 Verify) (0.00 Load) (0.00 Actor Init)
Warning: Failed to load 'Class None.ini:Engine.Engine.DefaultPlayerMenu': Can't find 'ini:Engine.Engine.DefaultPlayerMenu' in configuration file
IMaster: Could not load interaction [ini:Engine.Engine.DefaultPlayerMenu]
Log: SwatEntryPlayerController0 got player WindowsViewport0
Init: Input system initialized for WindowsViewport0
Log: Bound to SwatGui.dll
Log: Bound to IpDrv.dll
Log: PC GUI System Initialized
Warning: Failed to load 'Texture gui_tex.resetbutton': Failed to find object 'Texture gui_tex.resetbutton'
Warning: Failed to load 'Texture gui_tex.resetbutton': Failed to find object 'Texture gui_tex.resetbutton'
Warning: Failed to load 'Texture gui_tex.resetbutton': Failed to find object 'Texture gui_tex.resetbutton'
Warning: Failed to load 'Texture gui_tex.resetbutton': Failed to find object 'Texture gui_tex.resetbutton'
Warning: Failed to load 'Texture gui_tex.resetbutton': Failed to find object 'Texture gui_tex.resetbutton'
Log: WM_SETFOCUS was called
Log: WM_KILLFOCUS was called
Log: WM_SETFOCUS was called
Log: Opened viewport
Log: Enter SetRes: 1024x768 Fullscreen 1
Log: Flushing viewport 0xD530A00
Log: Finished flushing viewport 0xD530A00 in 0.002 seconds
Init: Best-match display mode: 1024x768x32@60
Log: Using back-buffer format 22(32-bit)
Log: Using depth-buffer format 75(32-bit)
Log: Creating device
Log: xD3D9Helper::Init (QuadEmulation)
Init: D3D Driver: CreateDevice: will use hardware transform and lighting.
Init: D3D Driver: CreateDevice: will use hardware vertex processing
Log: Creating IME context.
Log: Initializing COM and the Speech API.
Init: Game engine initialized in 20.12 seconds
Log: Startup time: 28.336000 seconds
Log: URL: Adding default option Name=ArseArsonist
Log: URL: Adding default option Class=SwatGame.SwatPlayer
Log: URL: Adding default option team=255
Log: Browse: swat_splashscene?Name=ArseArsonist?Class=SwatGame.SwatPlayer?team=255
Log: LoadMap: swat_splashscene?Name=ArseArsonist?Class=SwatGame.SwatPlayer?team=255
Log: [dkaplan]: URL.Map = swat_splashscene
Warning: Failed to load 'Texture gui_tex2.audio_Processing': Failed to find object 'Texture gui_tex2.audio_Processing'
Warning: Failed to load 'Texture gui_tex2.audio_Processing': Failed to find object 'Texture gui_tex2.audio_Processing'
Warning: Failed to load 'Texture gui_tex2.audio_Processing': Failed to find object 'Texture gui_tex2.audio_Processing'
Log: ****************************************************
Log:  Beginning level load: 'swat_splashscene'
Log: ****************************************************
Log: ****************************************************
Log:  Finished level load in 3.547 seconds
Log: ****************************************************
Log: Collecting garbage
Log: Purging garbage
Log: 36680.0ms Unloading: Package GIGN
Log: 36680.0ms Unloading: Package GIGN_OfficerTex
Log: 36680.0ms Unloading: Package suspect1
Log: 36680.0ms Unloading: Package suspect2
Log: 36680.0ms Unloading: Package Suspect2_officerTex
Log: 36681.0ms Unloading: Package Taiwan
Log: 36681.0ms Unloading: Package SwatObjectives
Log: Garbage: objects: 43108->42920; refs: 559491
Log: Building Collision Octree...
Log: Finished Building Collision Octree
Log: Game class is 'GameInfo'
Log: Level is Level swat_splashscene.myLevel
Log: Bringing Level swat_splashscene.myLevel up for play (0)...
Log: ---------- IsTheEntryLevel = 0, GameEngine=0x2F91900, GameEngine->GEntry=0xDF3C800, GameEngine->GEntry->GetLevelInfo()=0xD4C1500, current LevelInfo=0xE141C00
VoiceChat: GameInfo1 VoiceReplicationInfo created: None
Log: Spawning new actor for Viewport WindowsViewport0
Log: SwatEntryPlayerController1 got player WindowsViewport0
Log: Creating IME context.
Log: Flushing viewport 0xD530A00
Log: Finished flushing viewport 0xD530A00 in 0.002 seconds
DevMassive: ADCLIENT: Level has empty ZoneName.
DevMassive: ADCLIENT: Zone could not be downloaded, no ads will be served.
Log: Loadmap executed in 8.77 seconds. (2.13 Verify) (3.55 Load) (0.45 Actor Init)
Log: Precaching: swat_splashscene.LevelInfo0
Log: Finished Static Mesh Batch build in 0.000 seconds
Log: Static mesh batches: 6223224 vertex bytes, 410904 index bytes
Log: Allocating 16384 byte dynamic index buffer.
Log: Allocating 65536 byte dynamic vertex buffer.
Log: Finished precaching geometry in 0.293 seconds
Log: Finished precaching textures in 2.148 seconds
Init: EffectsSystem Configuration: ..\system\VisualEffectsConfig.u is up-to-date.
Log: [EFFECTS SYSTEM] The VisualEffectsSubsystem's configuration package is up-to-date.
Log: Collecting garbage
Log: Purging garbage
Log: Garbage: objects: 44720->44376; refs: 579714
Log: VisualEffectsSubsystem created.
Init: EffectsSystem Configuration: ..\system\SoundEffectsConfig.u is up-to-date.
Log: [EFFECTS SYSTEM] The SoundEffectsSubsystem's configuration package is up-to-date.
Log: Collecting garbage
Log: Purging garbage
Log: Garbage: objects: 73991->60760; refs: 663416
Log: SoundEffectsSubsystem created.
Log: Creating IME context.
Log: Precaching: swat_splashscene.LevelInfo0
Log: Finished precaching geometry in 0.009 seconds
Log: Finished precaching textures in 0.075 seconds
Log: Enter SetRes: 800x600 Fullscreen 1
Log: Flushing viewport 0xD530A00
Log: Finished flushing viewport 0xD530A00 in 0.015 seconds
Init: Best-match display mode: 800x600x32@56
Log: Using back-buffer format 22(32-bit)
Log: Using depth-buffer format 75(32-bit)
Log: Creating device
Log: xD3D9Helper::Init (QuadEmulation)
Init: D3D Driver: CreateDevice: will use hardware transform and lighting.
Init: D3D Driver: CreateDevice: will use hardware vertex processing
Log: Precaching: swat_splashscene.LevelInfo0
Log: Allocating 16384 byte dynamic index buffer.
Log: Allocating 65536 byte dynamic vertex buffer.
Log: Finished precaching geometry in 0.025 seconds
Log: Finished precaching textures in 0.080 seconds
Log: Enter SetRes: 1024x768 Fullscreen 1
Log: Flushing viewport 0xD530A00
Log: Finished flushing viewport 0xD530A00 in 0.006 seconds
Init: Best-match display mode: 1024x768x32@60
Log: Using back-buffer format 22(32-bit)
Log: Using depth-buffer format 75(32-bit)
Log: Creating device
Log: xD3D9Helper::Init (QuadEmulation)
Init: D3D Driver: CreateDevice: will use hardware transform and lighting.
Init: D3D Driver: CreateDevice: will use hardware vertex processing
Log: Precaching: swat_splashscene.LevelInfo0
Log: Allocating 16384 byte dynamic index buffer.
Log: Allocating 65536 byte dynamic vertex buffer.
Log: Finished precaching geometry in 0.331 seconds
Log: Finished precaching textures in 0.227 seconds
Warning: Failed to load 'gui_tex3': Can't find file for package 'gui_tex3'
Warning: Missing Texture Texture gui_tex3.thumb_SP-ArabVillageDay
Warning: Failed to load 'gui_tex3': Can't find file for package 'gui_tex3'
Warning: Missing Texture Texture gui_tex3.thumb_SP-BusStation
Warning: Failed to load 'gui_tex3': Can't find file for package 'gui_tex3'
Warning: Missing Texture Texture gui_tex3.thumb_GrowOp
Warning: Failed to load 'gui_tex3': Can't find file for package 'gui_tex3'
Warning: Missing Texture Texture gui_tex3.thumb_GrowOp
Warning: Failed to load 'Hotel_Zep_Tex': Can't find file for package 'Hotel_Zep_Tex'
Warning: Missing Texture Texture Hotel_Zep_Tex.physical_graffiti
Warning: Failed to load 'Nightclub_Tex': Can't find file for package 'Nightclub_Tex'
Warning: Missing Texture Texture Nightclub_Tex.Thumb_SirensDen
Warning: Failed to load 'gui_tex3': Can't find file for package 'gui_tex3'
Warning: Missing Texture Texture gui_tex3.thumb_SP-Shipyard
Warning: Failed to load 'gui_tex3': Can't find file for package 'gui_tex3'
Warning: Missing Texture Texture gui_tex3.thumb_University
Warning: Failed to load 'uisc_Tex2': Can't find file for package 'uisc_Tex2'
Warning: Missing Texture Texture uisc_Tex2.RedOps
Warning: Failed to load 'Apollo_tex': Can't find file for package 'Apollo_tex'
Warning: Missing Texture Texture Apollo_tex.apollo
Log: URL: Adding default option Class=SwatGame.SwatPlayer
Log: URL: Adding default option team=255
Log: Browse: MP-EncoreMall-TSS?Name=ArseArsonist?listen?Class=SwatGame.SwatPlayer?team=255
Log: LoadMap: MP-EncoreMall-TSS?Name=ArseArsonist?listen?Class=SwatGame.SwatPlayer?team=255
Log: [dkaplan]: URL.Map = MP-EncoreMall-TSS
Log: Static mesh batches: 0 vertex bytes, 0 index bytes
Log: ****************************************************
Log:  Beginning level load: 'MP-EncoreMall-TSS'
Log: ****************************************************
Log: (Havok): Physical world for ULevel being created.
Log: (Havok): Using medium solver
Log: (Havok): Found 3 ragdoll files matching search path '..\HavokData\*.hke'
Log: (Havok):   Precached ragdoll for file 'HotelSuitBag_rd.hke' in 10 ms.
Log: (Havok):   Precached ragdoll for file 'PaperTarget_rd.hke' in 11 ms.
Log: (Havok):   Precached ragdoll for file 'SWATofficer_rd.hke' in 41 ms.
Log: (Havok): Finished precaching ragdolls
Log: ****************************************************
Log:  Finished level load in 10.884 seconds
Log: ****************************************************
Log: Collecting garbage
Log: Purging garbage
Log: 200206.0ms Unloading: Package Suspect1_officerTex
Log: 200206.0ms Unloading: Package Taiwan_OfficerTex
Log: 200206.0ms Unloading: Package swat_splashscene
Log: 200207.0ms Unloading: Package GUIanimations
Log: 200207.0ms Unloading: Package Druglab_sm
Log: 200207.0ms Unloading: Package VisualEffectsConfig
Log: 200207.0ms Unloading: Package SWATeffects2
Log: 200208.0ms Unloading: Package SW_meta
Log: 200208.0ms Unloading: Package SW_bounce
Log: 200208.0ms Unloading: Package SWEXP_weapons
Log: 200208.0ms Unloading: Package SW_hits
Log: 200208.0ms Unloading: Package SWEXP_ambience
Log: 200208.0ms Unloading: Package SW_objects
Log: 200208.0ms Unloading: Package SW_vo
Log: 200208.0ms Unloading: Package SW_ambients
Log: 200208.0ms Unloading: Package SW_weapons
Log: 200208.0ms Unloading: Package SW_bullets
Log: 200208.0ms Unloading: Package SW_feet
Log: 200208.0ms Unloading: Package SoundEffectsConfig
Log: Garbage: objects: 75697->56192; refs: 951407
Log: (Havok) Initialised level mopp in 2.39 seconds
Log: Building Collision Octree...
Log: Finished Building Collision Octree
Log: Game class is 'SwatGameInfo'
Init: WinSock: version 1.1 (2.2), MaxSocks=32767, MaxUdp=65467
Init: WinSock: Socket queue 131072 / 131072
Init: WinSock: I am SirMordragPC (25.19.94.43)
DevNet: TcpNetDriver on port 10480
Log: Server Package: Core
Log: Server Package: Engine
Log: Server Package: IGEffectsSystem
Log: Server Package: IGVisualEffectsSubsystem
Log: Server Package: IGSoundEffectsSubsystem
Log: Server Package: Voting
Log: Server Package: Editor
Log: Server Package: UWindow
Log:    (server-side only)
Log: Server Package: GamePlay
Log: Server Package: GUI
Log: Server Package: SwatEd
Log: Server Package: IpDrv
Log:    (server-side only)
Log: Server Package: Tyrion
Log: Server Package: AICommon
Log: Server Package: Scripting
Log: Server Package: SwatAIAwareness
Log: Server Package: SwatAICommon
Log: Server Package: RWOSupport
Log: Server Package: SwatGame
Log: Server Package: SwatEffects
Log: Server Package: SwatEquipment
Log: Server Package: SwatProtectiveEquipment
Log: Server Package: SwatProtectiveEquipment2
Log: Server Package: SwatSimpleEquipment
Log: Server Package: SwatObjectives
Log: Server Package: SwatProcedures
Log: Server Package: SwatGui
Log: Server Package: SwatEquipmentModels
Log: Server Package: SwatEquipmentModels2
Log: Server Package: SWATofficerTex
Log: Server Package: mp_OfficerTex
Log: Server Package: SwatAmmo
Log: Server Package: SwatAmmo2
Log: Server Package: SwatCameraEffects
Log: Server Package: SwatCameraEffects2
Log: Server Package: SW_Objects
Log: Server Package: SW_Bounce
Log: Server Package: SW_Ambients
Log: Server Package: SW_Bullets
Log: Server Package: SW_Feet
Log: Server Package: SW_Hits
Log: Server Package: SW_Meta
Log: Server Package: SW_VO
Log: Server Package: SW_Weapons
Log: Server Package: SWATMaleAnimation
Log: Server Package: FemaleAnimation
Log: Server Package: SwatBadguyTex
Log: Server Package: FemaleCasual1Tex
Log: Server Package: FemaleCasual2Tex
Log: Server Package: FemaleCasual3Tex
Log: Server Package: FemaleHeavyTex
Log: Server Package: FemaleNurseTex
Log: Server Package: FemaleOfficeTex
Log: Server Package: CultLeaderTextureSet
Log: Server Package: LeoMelTextureSet
Log: Server Package: MaleCasual1Tex
Log: Server Package: MaleCasual2Tex
Log: Server Package: MaleCasual3Tex
Log: Server Package: MaleCasual4Tex
Log: Server Package: MaleCasualArmorTex
Log: Server Package: MaleChubbyTex
Log: Server Package: MaleDoctorTex
Log: Server Package: MaleGang1Tex
Log: Server Package: MaleJanitorTextureSet
Log: Server Package: MaleSuitTex
Log: Server Package: SwatDesignerClasses2
Log: Spawning: IpDrv.MasterServerUplink
Log: UGameSpyManager::InitAsServer().
Log: Level is Level MP-EncoreMall-TSS.myLevel
Log: Bringing Level MP-EncoreMall-TSS.myLevel up for play (0)...
Log: ---------- IsTheEntryLevel = 0, GameEngine=0x2F91900, GameEngine->GEntry=0xDF3C800, GameEngine->GEntry->GetLevelInfo()=0xD4C1500, current LevelInfo=0x161B0000
VoiceChat: (t=184.713): SwatVoiceReplicationInfo0 ___________________PostNetBeginPlay
VoiceChat: (t=184.713): SwatVoiceReplicationInfo0 AddVoiceChannel PRI:None
VoiceChat: (t=184.713): SwatVoiceReplicationInfo0 AddVoiceChannel PRI:None
VoiceChat: (t=184.713): SwatGameInfo0 VoiceReplicationInfo created: MP-EncoreMall-TSS.SwatVoiceReplicationInfo0
Log: Turning on AssertWithDescription dialog box.
Log: MasterServerUplink::Reconnect().
Log: ...Engine URL Port=10480
Log: Spawning new actor for Viewport WindowsViewport0
Log: SwatGamePlayerController0 got player WindowsViewport0
Log: Creating IME context.
Log: Flushing viewport 0xD530A00
Log: Finished flushing viewport 0xD530A00 in 0.011 seconds
Log: Precaching: MP-EncoreMall-TSS.LevelInfo0
Log: Finished Static Mesh Batch build in 0.006 seconds
Log: Static mesh batches: 66013776 vertex bytes, 4715754 index bytes
Log: Allocating 16384 byte dynamic index buffer.
Log: Allocating 65536 byte dynamic vertex buffer.
Log: Finished precaching geometry in 1.711 seconds
Log: Finished precaching textures in 5.335 seconds
DevMassive: ADCLIENT: Level has empty ZoneName.
DevMassive: ADCLIENT: Zone could not be downloaded, no ads will be served.
Log: Loadmap executed in 28.58 seconds. (0.01 Verify) (10.88 Load) (17.12 Actor Init)
Log: In UGameSpyManager::ServerInit().
Log: In GameSpyWrapper---serverInitGameSpy().
Log: 1... GameSpy query port: 10481
Log: [Stats] Connecting on port 10480
Init: EffectsSystem Configuration: ..\system\VisualEffectsConfig.u is up-to-date.
Log: [EFFECTS SYSTEM] The VisualEffectsSubsystem's configuration package is up-to-date.
Log: Collecting garbage
Log: Purging garbage
Log: 218262.0ms Unloading: Package UWindow
Log: Garbage: objects: 59429->59204; refs: 954052
Log: VisualEffectsSubsystem created.
Init: EffectsSystem Configuration: ..\system\SoundEffectsConfig.u is up-to-date.
Log: [EFFECTS SYSTEM] The SoundEffectsSubsystem's configuration package is up-to-date.
Log: Collecting garbage
Log: Purging garbage
Log: Garbage: objects: 89011->75771; refs: 1038763
Log: SoundEffectsSubsystem created.
Log: Precaching: MP-EncoreMall-TSS.LevelInfo0
Log: Finished precaching geometry in 0.020 seconds
Log: Finished precaching textures in 0.078 seconds
Log: [Stats] Stat tracking is not activated.
Log: Collecting garbage
Log: Purging garbage
Log: Garbage: objects: 76549->76521; refs: 1046670
Log: Collecting garbage
Log: Purging garbage
Log: Garbage: objects: 76521->76521; refs: 1046670
Log: WM_KILLFOCUS was called
Log: Viewport WindowsViewport0: WM_DisplayChange, XRes: 1600, YRes: 900
Log: WM_SETFOCUS was called
Log: Creating IME context.
Log: Enter SetRes: 1024x768 Fullscreen 1
Log: Flushing viewport 0xD530A00
Log: Finished flushing viewport 0xD530A00 in 0.038 seconds
Init: Best-match display mode: 1024x768x32@60
Log: Using back-buffer format 22(32-bit)
Log: Using depth-buffer format 75(32-bit)
Log: Creating device
Log: Viewport WindowsViewport0: WM_DisplayChange, XRes: 1024, YRes: 768
Log: xD3D9Helper::Init (QuadEmulation)
Init: D3D Driver: CreateDevice: will use hardware transform and lighting.
Init: D3D Driver: CreateDevice: will use hardware vertex processing
Log: Finished restoring fullscreen after D3DERR_DEVICENOTRESET.
Log: Allocating 16384 byte dynamic index buffer.
Log: Allocating 65536 byte dynamic vertex buffer.
Log: Precaching: MP-EncoreMall-TSS.LevelInfo0
Log: Finished precaching geometry in 1.168 seconds
Log: Finished precaching textures in 0.641 seconds
Log: Precaching: finished precaching after change back to fullscreen; registering for extra flush.
Log: Collecting garbage
Log: Purging garbage
Log: Garbage: objects: 76514->76457; refs: 1044945
Log: Collecting garbage
Log: Purging garbage
Log: Garbage: objects: 76457->76457; refs: 1044945
Log: Creating IME context.
Log: Server switch level: MP-EncoreMall-TSS?Team=255?Name=ArseArsonist?Class=SwatGame.SwatPlayer?Character=?SwatPlayerID=2
Log: Browse: MP-EncoreMall-TSS?Name=ArseArsonist?listen?Class=SwatGame.SwatPlayer?Team=255?Character=?SwatPlayerID=2
Log: LoadMap: MP-EncoreMall-TSS?Name=ArseArsonist?listen?Class=SwatGame.SwatPlayer?Team=255?Character=?SwatPlayerID=2
Log: [dkaplan]: URL.Map = MP-EncoreMall-TSS
VoiceChat: (t=1901.807): RemoveVoiceChatter:MP-EncoreMall-TSS.SwatPlayerReplicationInfo0 ArseArsonist
Exit: Socket shut down
Log: (Havok): Destroying static world for level.
Log: ****************************************************
Log:  Beginning level load: 'MP-EncoreMall-TSS'
Log: ****************************************************
Log: (Havok): Physical world for ULevel being created.
Log: (Havok): Using medium solver
Log: (Havok): Found 3 ragdoll files matching search path '..\HavokData\*.hke'
Log: (Havok):   Precached ragdoll for file 'HotelSuitBag_rd.hke' in 2 ms.
Log: (Havok):   Precached ragdoll for file 'PaperTarget_rd.hke' in 1 ms.
Log: (Havok):   Precached ragdoll for file 'SWATofficer_rd.hke' in 28 ms.
Log: (Havok): Finished precaching ragdolls
Log: ****************************************************
Log:  Finished level load in 2.019 seconds
Log: ****************************************************
Log: Collecting garbage
Log: Purging garbage
Log: 1904320.0ms Unloading: Package SWATeffects2
Log: 1904320.0ms Unloading: Package VisualEffectsConfig
Log: 1904320.0ms Unloading: Package SWEXP_weapons
Log: MasterServerUplink::Destroy().
Log: 1904320.0ms Unloading: Package FemaleCasual3Tex
Log: 1904320.0ms Unloading: Package FemaleCasual1Tex
Log: 1904320.0ms Unloading: Package FemaleAnimation
Log: 1904320.0ms Unloading: Package SW_Weapons
Log: 1904320.0ms Unloading: Package SW_VO
Log: 1904320.0ms Unloading: Package SW_Meta
Log: 1904320.0ms Unloading: Package SW_Hits
Log: 1904320.0ms Unloading: Package SW_Feet
Log: 1904320.0ms Unloading: Package SW_Bullets
Log: 1904320.0ms Unloading: Package SW_Ambients
Log: 1904320.0ms Unloading: Package SW_Bounce
Log: 1904320.0ms Unloading: Package SW_Objects
Log: 1904320.0ms Unloading: Package SwatCameraEffects2
Log: 1904320.0ms Unloading: Package SwatCameraEffects
Log: 1904320.0ms Unloading: Package FP_FragGrenade
Log: 1904320.0ms Unloading: Package SwatEquipmentModels
Log: 1904320.0ms Unloading: Package SwatObjectives
Log: 1904320.0ms Unloading: Package SwatEd
Log: 1904321.0ms Unloading: Package SWEXP_ambience
Log: 1904321.0ms Unloading: Package SoundEffectsConfig
Log: Garbage: objects: 76590->57119; refs: 978123
Log: (Havok) Initialised level mopp in 2.40 seconds
Log: Building Collision Octree...
Log: Finished Building Collision Octree
Log: Game class is 'SwatGameInfo'
Init: WinSock: Socket queue 131072 / 131072
DevNet: TcpNetDriver on port 10480
Log: Server Package: Core
Log: Server Package: Engine
Log: Server Package: IGEffectsSystem
Log: Server Package: IGVisualEffectsSubsystem
Log: Server Package: IGSoundEffectsSubsystem
Log: Server Package: Voting
Log: Server Package: Editor
Log: Server Package: UWindow
Log:    (server-side only)
Log: Server Package: GamePlay
Log: Server Package: GUI
Log: Server Package: SwatEd
Log: Server Package: IpDrv
Log:    (server-side only)
Log: Server Package: Tyrion
Log: Server Package: AICommon
Log: Server Package: Scripting
Log: Server Package: SwatAIAwareness
Log: Server Package: SwatAICommon
Log: Server Package: RWOSupport
Log: Server Package: SwatGame
Log: Server Package: SwatEffects
Log: Server Package: SwatEquipment
Log: Server Package: SwatProtectiveEquipment
Log: Server Package: SwatProtectiveEquipment2
Log: Server Package: SwatSimpleEquipment
Log: Server Package: SwatObjectives
Log: Server Package: SwatProcedures
Log: Server Package: SwatGui
Log: Server Package: SwatEquipmentModels
Log: Server Package: SwatEquipmentModels2
Log: Server Package: SWATofficerTex
Log: Server Package: mp_OfficerTex
Log: Server Package: SwatAmmo
Log: Server Package: SwatAmmo2
Log: Server Package: SwatCameraEffects
Log: Server Package: SwatCameraEffects2
Log: Server Package: SW_Objects
Log: Server Package: SW_Bounce
Log: Server Package: SW_Ambients
Log: Server Package: SW_Bullets
Log: Server Package: SW_Feet
Log: Server Package: SW_Hits
Log: Server Package: SW_Meta
Log: Server Package: SW_VO
Log: Server Package: SW_Weapons
Log: Server Package: SWATMaleAnimation
Log: Server Package: FemaleAnimation
Log: Server Package: SwatBadguyTex
Log: Server Package: FemaleCasual1Tex
Log: Server Package: FemaleCasual2Tex
Log: Server Package: FemaleCasual3Tex
Log: Server Package: FemaleHeavyTex
Log: Server Package: FemaleNurseTex
Log: Server Package: FemaleOfficeTex
Log: Server Package: CultLeaderTextureSet
Log: Server Package: LeoMelTextureSet
Log: Server Package: MaleCasual1Tex
Log: Server Package: MaleCasual2Tex
Log: Server Package: MaleCasual3Tex
Log: Server Package: MaleCasual4Tex
Log: Server Package: MaleCasualArmorTex
Log: Server Package: MaleChubbyTex
Log: Server Package: MaleDoctorTex
Log: Server Package: MaleGang1Tex
Log: Server Package: MaleJanitorTextureSet
Log: Server Package: MaleSuitTex
Log: Server Package: SwatDesignerClasses2
Log: Spawning: IpDrv.MasterServerUplink
Log: UGameSpyManager::InitAsServer().
Log: ...1
Log: Level is Level MP-EncoreMall-TSS.myLevel
Log: Bringing Level MP-EncoreMall-TSS.myLevel up for play (0)...
Log: ---------- IsTheEntryLevel = 0, GameEngine=0x2F91900, GameEngine->GEntry=0xDF3C800, GameEngine->GEntry->GetLevelInfo()=0xD4C1500, current LevelInfo=0x161B0000
VoiceChat: (t=1901.807): SwatVoiceReplicationInfo1 ___________________PostNetBeginPlay
VoiceChat: (t=1901.807): SwatVoiceReplicationInfo1 AddVoiceChannel PRI:None
VoiceChat: (t=1901.807): SwatVoiceReplicationInfo1 AddVoiceChannel PRI:None
VoiceChat: (t=1901.807): SwatGameInfo1 VoiceReplicationInfo created: MP-EncoreMall-TSS.SwatVoiceReplicationInfo1
Log: Turning on AssertWithDescription dialog box.
Log: MasterServerUplink::Reconnect().
Log: ...Engine URL Port=10480
Log: Spawning new actor for Viewport WindowsViewport0
Log: SwatGamePlayerController1 got player WindowsViewport0
Log: Creating IME context.
Log: Flushing viewport 0xD530A00
Log: Finished flushing viewport 0xD530A00 in 0.028 seconds
Log: Precaching: MP-EncoreMall-TSS.LevelInfo0
Log: Finished Static Mesh Batch build in 0.010 seconds
Log: Static mesh batches: 66013776 vertex bytes, 4715754 index bytes
Log: Allocating 16384 byte dynamic index buffer.
Log: Allocating 65536 byte dynamic vertex buffer.
Log: Finished precaching geometry in 1.635 seconds
Log: Finished precaching textures in 0.450 seconds
DevMassive: ADCLIENT: Level has empty ZoneName.
DevMassive: ADCLIENT: Zone could not be downloaded, no ads will be served.
Log: Loadmap executed in 9.27 seconds. (0.01 Verify) (2.02 Load) (6.62 Actor Init)
Init: EffectsSystem Configuration: ..\system\VisualEffectsConfig.u is up-to-date.
Log: [EFFECTS SYSTEM] The VisualEffectsSubsystem's configuration package is up-to-date.
Log: Collecting garbage
Log: Purging garbage
Log: 1911884.0ms Unloading: Package UWindow
Log: Garbage: objects: 59506->59280; refs: 955509
Log: VisualEffectsSubsystem created.
Init: EffectsSystem Configuration: ..\system\SoundEffectsConfig.u is up-to-date.
Log: [EFFECTS SYSTEM] The SoundEffectsSubsystem's configuration package is up-to-date.
Log: Collecting garbage
Log: Purging garbage
Log: Garbage: objects: 89114->75869; refs: 1040333
Log: SoundEffectsSubsystem created.
Log: Precaching: MP-EncoreMall-TSS.LevelInfo0
Log: Finished precaching geometry in 0.021 seconds
Log: Finished precaching textures in 0.034 seconds
Log: [Stats] Stat tracking is not activated.
Log: Creating IME context.
Log: Server switch level: MP-GrowOpV2-TSS?Team=255?Name=ArseArsonist?Class=SwatGame.SwatPlayer?Character=?SwatPlayerID=2
Log: Browse: MP-GrowOpV2-TSS?Name=ArseArsonist?listen?Class=SwatGame.SwatPlayer?Team=255?Character=?SwatPlayerID=2
Log: LoadMap: MP-GrowOpV2-TSS?Name=ArseArsonist?listen?Class=SwatGame.SwatPlayer?Team=255?Character=?SwatPlayerID=2
Log: [dkaplan]: URL.Map = MP-GrowOpV2-TSS
VoiceChat: (t=2486.170): RemoveVoiceChatter:MP-EncoreMall-TSS.SwatPlayerReplicationInfo1 ArseArsonist
Exit: Socket shut down
Log: (Havok): Destroying static world for level.
Log: ****************************************************
Log:  Beginning level load: 'MP-GrowOpV2-TSS'
Log: ****************************************************
Warning: Failed to load 'gui_tex3': Can't find file for package 'gui_tex3'
Warning: Missing Texture Texture gui_tex3.thumb_GrowOp
Warning: Failed to load 'plants': Can't find file for package 'plants'
Warning: Missing Texture Texture plants.Grass_01
Log: (Havok): Physical world for ULevel being created.
Log: (Havok): Using medium solver
Log: (Havok): Found 3 ragdoll files matching search path '..\HavokData\*.hke'
Log: (Havok):   Precached ragdoll for file 'HotelSuitBag_rd.hke' in 1 ms.
Log: (Havok):   Precached ragdoll for file 'PaperTarget_rd.hke' in 1 ms.
Log: (Havok):   Precached ragdoll for file 'SWATofficer_rd.hke' in 28 ms.
Log: (Havok): Finished precaching ragdolls
Log: ****************************************************
Log:  Finished level load in 3.022 seconds
Log: ****************************************************
Log: Collecting garbage
Log: Purging garbage
Log: 2489543.0ms Unloading: Package desOff_tex
Log: 2489543.0ms Unloading: Package warehouse_tex
Log: 2489543.0ms Unloading: Package warehouse_sm
Log: 2489544.0ms Unloading: Package bath_Tex
Log: 2489544.0ms Unloading: Package bath_sm
Log: 2489545.0ms Unloading: Package subway_sm
Log: 2489545.0ms Unloading: Package bs_sm
Log: 2489545.0ms Unloading: Package Arcade_Tex
Log: 2489545.0ms Unloading: Package arcade_sm
Log: 2489545.0ms Unloading: Package EncoreMall_sm
Log: 2489546.0ms Unloading: Package EncoreMall_Tex
Log: 2489549.0ms Unloading: Package subway_tex
Log: 2489549.0ms Unloading: Package bs_Tex
Log: 2489549.0ms Unloading: Package mass_objects2
Log: 2489549.0ms Unloading: Package Mass_classes2
Log: 2489550.0ms Unloading: Package halfway_tex
Log: 2489550.0ms Unloading: Package halfwayhouse_sm
Log: 2489550.0ms Unloading: Package SwatDesignerClasses2
Log: 2489551.0ms Unloading: Package mass_textures
Log: 2489551.0ms Unloading: Package mass_objects
Log: 2489551.0ms Unloading: Package mass_classes
Log: 2489552.0ms Unloading: Package MP-EncoreMall-TSS
Log: 2489555.0ms Unloading: Package SWATeffects2
Log: 2489555.0ms Unloading: Package VisualEffectsConfig
Log: 2489555.0ms Unloading: Package SWEXP_weapons
Log: MasterServerUplink::Destroy().
Log: 2489556.0ms Unloading: Package FemaleCasual3Tex
Log: 2489556.0ms Unloading: Package FemaleCasual1Tex
Log: 2489556.0ms Unloading: Package FemaleAnimation
Log: 2489556.0ms Unloading: Package SW_Weapons
Log: 2489556.0ms Unloading: Package SW_VO
Log: 2489556.0ms Unloading: Package SW_Meta
Log: 2489556.0ms Unloading: Package SW_Hits
Log: 2489556.0ms Unloading: Package SW_Feet
Log: 2489556.0ms Unloading: Package SW_Bullets
Log: 2489556.0ms Unloading: Package SW_Ambients
Log: 2489556.0ms Unloading: Package SW_Bounce
Log: 2489556.0ms Unloading: Package SW_Objects
Log: 2489556.0ms Unloading: Package SwatCameraEffects2
Log: 2489556.0ms Unloading: Package SwatCameraEffects
Log: 2489556.0ms Unloading: Package FP_FragGrenade
Log: 2489556.0ms Unloading: Package SwatEquipmentModels
Log: 2489556.0ms Unloading: Package SwatObjectives
Log: 2489556.0ms Unloading: Package SwatEd
Log: 2489556.0ms Unloading: Package SWEXP_ambience
Log: 2489556.0ms Unloading: Package SoundEffectsConfig
Log: Garbage: objects: 80486->46832; refs: 767224
Log: (Havok) Initialised level mopp in 5.98 seconds
Log: Building Collision Octree...
Log: Finished Building Collision Octree
Log: Game class is 'SwatGameInfo'
Init: WinSock: Socket queue 131072 / 131072
DevNet: TcpNetDriver on port 10480
Log: Server Package: Core
Log: Server Package: Engine
Log: Server Package: IGEffectsSystem
Log: Server Package: IGVisualEffectsSubsystem
Log: Server Package: IGSoundEffectsSubsystem
Log: Server Package: Voting
Log: Server Package: Editor
Log: Server Package: UWindow
Log:    (server-side only)
Log: Server Package: GamePlay
Log: Server Package: GUI
Log: Server Package: SwatEd
Log: Server Package: IpDrv
Log:    (server-side only)
Log: Server Package: Tyrion
Log: Server Package: AICommon
Log: Server Package: Scripting
Log: Server Package: SwatAIAwareness
Log: Server Package: SwatAICommon
Log: Server Package: RWOSupport
Log: Server Package: SwatGame
Log: Server Package: SwatEffects
Log: Server Package: SwatEquipment
Log: Server Package: SwatProtectiveEquipment
Log: Server Package: SwatProtectiveEquipment2
Log: Server Package: SwatSimpleEquipment
Log: Server Package: SwatObjectives
Log: Server Package: SwatProcedures
Log: Server Package: SwatGui
Log: Server Package: SwatEquipmentModels
Log: Server Package: SwatEquipmentModels2
Log: Server Package: SWATofficerTex
Log: Server Package: mp_OfficerTex
Log: Server Package: SwatAmmo
Log: Server Package: SwatAmmo2
Log: Server Package: SwatCameraEffects
Log: Server Package: SwatCameraEffects2
Log: Server Package: SW_Objects
Log: Server Package: SW_Bounce
Log: Server Package: SW_Ambients
Log: Server Package: SW_Bullets
Log: Server Package: SW_Feet
Log: Server Package: SW_Hits
Log: Server Package: SW_Meta
Log: Server Package: SW_VO
Log: Server Package: SW_Weapons
Log: Server Package: SWATMaleAnimation
Log: Server Package: FemaleAnimation
Log: Server Package: SwatBadguyTex
Log: Server Package: FemaleCasual1Tex
Log: Server Package: FemaleCasual2Tex
Log: Server Package: FemaleCasual3Tex
Log: Server Package: FemaleHeavyTex
Log: Server Package: FemaleNurseTex
Log: Server Package: FemaleOfficeTex
Log: Server Package: CultLeaderTextureSet
Log: Server Package: LeoMelTextureSet
Log: Server Package: MaleCasual1Tex
Log: Server Package: MaleCasual2Tex
Log: Server Package: MaleCasual3Tex
Log: Server Package: MaleCasual4Tex
Log: Server Package: MaleCasualArmorTex
Log: Server Package: MaleChubbyTex
Log: Server Package: MaleDoctorTex
Log: Server Package: MaleGang1Tex
Log: Server Package: MaleJanitorTextureSet
Log: Server Package: MaleSuitTex
Log: Server Package: SwatDesignerClasses2
Log: Spawning: IpDrv.MasterServerUplink
Log: UGameSpyManager::InitAsServer().
Log: ...1
Log: Level is Level MP-GrowOpV2-TSS.myLevel
Log: Bringing Level MP-GrowOpV2-TSS.myLevel up for play (0)...
Log: ---------- IsTheEntryLevel = 0, GameEngine=0x2F91900, GameEngine->GEntry=0xDF3C800, GameEngine->GEntry->GetLevelInfo()=0xD4C1500, current LevelInfo=0x2AC17000
VoiceChat: (t=2486.170): SwatVoiceReplicationInfo2 ___________________PostNetBeginPlay
VoiceChat: (t=2486.170): SwatVoiceReplicationInfo2 AddVoiceChannel PRI:None
VoiceChat: (t=2486.170): SwatVoiceReplicationInfo2 AddVoiceChannel PRI:None
VoiceChat: (t=2486.170): SwatGameInfo2 VoiceReplicationInfo created: MP-GrowOpV2-TSS.SwatVoiceReplicationInfo2
Log: Turning on AssertWithDescription dialog box.
Log: MasterServerUplink::Reconnect().
Log: ...Engine URL Port=10480
Log: Spawning new actor for Viewport WindowsViewport0
Log: SwatGamePlayerController2 got player WindowsViewport0
Log: Creating IME context.
Log: Flushing viewport 0xD530A00
Log: Finished flushing viewport 0xD530A00 in 0.027 seconds
Log: Precaching: MP-GrowOpV2-TSS.LevelInfo0
Log: Finished Static Mesh Batch build in 0.001 seconds
Log: Static mesh batches: 24610428 vertex bytes, 3997386 index bytes
Log: Finished decolayer render data build in 0.000 seconds
Log: Allocating 16384 byte dynamic index buffer.
Log: Allocating 24576 byte dynamic index buffer.
Log: Allocating 150528 byte dynamic index buffer.
Log: Allocating 65536 byte dynamic vertex buffer.
Log: Allocating 147456 byte dynamic vertex buffer.
Log: Finished precaching geometry in 0.538 seconds
Log: Finished precaching textures in 1.119 seconds
DevMassive: ADCLIENT: Level has empty ZoneName.
DevMassive: ADCLIENT: Zone could not be downloaded, no ads will be served.
Log: Loadmap executed in 13.21 seconds. (0.01 Verify) (3.02 Load) (9.62 Actor Init)
Init: EffectsSystem Configuration: ..\system\VisualEffectsConfig.u is up-to-date.
Log: [EFFECTS SYSTEM] The VisualEffectsSubsystem's configuration package is up-to-date.
Log: Collecting garbage
Log: Purging garbage
Log: 2500098.0ms Unloading: Package UWindow
Log: Garbage: objects: 48518->48282; refs: 785047
Log: VisualEffectsSubsystem created.
Init: EffectsSystem Configuration: ..\system\SoundEffectsConfig.u is up-to-date.
Log: [EFFECTS SYSTEM] The SoundEffectsSubsystem's configuration package is up-to-date.
Log: Collecting garbage
Log: Purging garbage
Log: Garbage: objects: 77990->64760; refs: 869279
Log: SoundEffectsSubsystem created.
Log: Precaching: MP-GrowOpV2-TSS.LevelInfo0
Log: Finished precaching geometry in 0.010 seconds
Log: Finished precaching textures in 0.015 seconds
Log: [Stats] Stat tracking is not activated.
Log: Closing by request
Log: appRequestExit(0)
Exit: Preparing to exit.
Log: Purging garbage
Log: Unbound to Window.dll
Log: Unbound to Core.dll
Log: Unbound to Scripting.dll
Log: Unbound to Engine.dll
Log: Unbound to SwatAIAwareness.dll
Log: Unbound to AICommon.dll
Log: Unbound to ALAudio.dll
Log: Unbound to SwatGame.dll
Log: Unbound to RWOSupport.dll
Log: Unbound to Tyrion.dll
Log: Unbound to GUI.dll
Log: Unbound to SwatAICommon.dll
Log: Unbound to Editor.dll
Log: Unbound to ScriptCompiler.dll
Log: 2531953.0ms Unloading: Package SwatGame
Log: 2531954.0ms Unloading: Package Engine
Log: 2531955.0ms Unloading: Package Core
Log: 2531955.0ms Unloading: Package Engine_res
Log: 2531955.0ms Unloading: Package SWAT4editorTex
Log: 2531955.0ms Unloading: Package SwatGear_sm
Log: 2531955.0ms Unloading: Package SwatGearTex
Log: 2531955.0ms Unloading: Package SWAT1stPersonTex
Log: 2531955.0ms Unloading: Package SwatFXtex
Log: 2531955.0ms Unloading: Package MaleGang1Tex
Log: 2531955.0ms Unloading: Package HUD
Log: 2531955.0ms Unloading: Package EditorSprites
Log: 2531955.0ms Unloading: Package FP_Hand2
Log: Unbound to IGEffectsSystem.dll
Log: 2531955.0ms Unloading: Package IGEffectsSystem
Log: 2531955.0ms Unloading: Package Editor_res
Log: 2531955.0ms Unloading: Package Hotel_sm
Log: 2531955.0ms Unloading: Package Hotel
Log: 2531955.0ms Unloading: Package MetalShaders
Log: 2531955.0ms Unloading: Package Repo_Tex
Log: 2531955.0ms Unloading: Package Arms_Tex
Log: 2531956.0ms Unloading: Package Silence_Tex
Log: 2531956.0ms Unloading: Package office_Tex
Log: 2531956.0ms Unloading: Package DNA_tex
Log: 2531956.0ms Unloading: Package VIP_Tex
Log: 2531956.0ms Unloading: Package HotelFXtex
Log: 2531956.0ms Unloading: Package barbershop_tex
Log: 2531956.0ms Unloading: Package SwatAICommon
Log: 2531956.0ms Unloading: Package Tyrion
Log: 2531956.0ms Unloading: Package AICommon
Log: 2531956.0ms Unloading: Package SwatAIAwareness
Log: 2531956.0ms Unloading: Package GUI
Log: 2531957.0ms Unloading: Package gui_tex
Log: 2531957.0ms Unloading: Package Scripting
Log: Unbound to IGSoundEffectsSubsystem.dll
Log: 2531957.0ms Unloading: Package IGSoundEffectsSubsystem
Log: 2531957.0ms Unloading: Package IGEffectsSystem_EditorTextures
Log: 2531957.0ms Unloading: Package RWOSupport
Log: 2531957.0ms Unloading: Package Gameplay
Log: 2531957.0ms Unloading: Package SwatProcedures
Log: 2531957.0ms Unloading: Package mp_OfficerTex
Log: 2531957.0ms Unloading: Package Doors_sm
Log: 2531957.0ms Unloading: Package doors_Tex
Log: 2531957.0ms Unloading: Package Paradise_Tex
Log: 2531957.0ms Unloading: Package Tenement_Tex
Log: 2531957.0ms Unloading: Package train
Log: 2531957.0ms Unloading: Package Hosp
Log: 2531957.0ms Unloading: Package RedLibrary_Tex
Log: 2531957.0ms Unloading: Package Jewel_Tex
Log: 2531957.0ms Unloading: Package bullseye_Tex
Log: 2531957.0ms Unloading: Package Bar_Tex
Log: 2531957.0ms Unloading: Package Power_Tex
Log: 2531957.0ms Unloading: Package Voting
Log: 2531957.0ms Unloading: Package SWATMaleAnimation2
Log: 2531957.0ms Unloading: Package SWATofficerTex
Log: 2531957.0ms Unloading: Package maleMafiaTex
Log: 2531957.0ms Unloading: Package maleHomelessTex
Log: 2531957.0ms Unloading: Package MaleCasual3Tex
Log: 2531957.0ms Unloading: Package MaleSuitTex
Log: 2531957.0ms Unloading: Package LeoMelTextureSet
Log: 2531957.0ms Unloading: Package SWATinstructorTex
Log: 2531957.0ms Unloading: Package SWATheavyTex
Log: 2531958.0ms Unloading: Package MaleCasual2Tex
Log: 2531958.0ms Unloading: Package CASMtex
Log: 2531958.0ms Unloading: Package MaleBarberTex
Log: 2531958.0ms Unloading: Package MaleChubbyTex
Log: 2531958.0ms Unloading: Package MaleCasual4Tex
Log: 2531958.0ms Unloading: Package MaleJanitorTextureSet
Log: 2531958.0ms Unloading: Package MaleCasualArmorTex
Log: 2531958.0ms Unloading: Package SWATnoArmourTex
Log: 2531958.0ms Unloading: Package MaleCasual1Tex
Log: Unbound to SwatEquipment.dll
Log: 2531958.0ms Unloading: Package SwatEquipment
Log: 2531958.0ms Unloading: Package SwatEquipmentModels2
Log: 2531958.0ms Unloading: Package SwatGear2_sm
Log: 2531958.0ms Unloading: Package SwatGear2Tex
Log: 2531958.0ms Unloading: Package druglab
Log: 2531958.0ms Unloading: Package SwatFX2tex
Log: 2531958.0ms Unloading: Package FP_C2detonator
Log: 2531958.0ms Unloading: Package NovaPump_ThirdPerson
Log: 2531958.0ms Unloading: Package FP_NovaPumpShotgun
Log: 2531958.0ms Unloading: Package Colt1911FL_ThirdPerson
Log: 2531958.0ms Unloading: Package FP_coltHG
Log: 2531958.0ms Unloading: Package FP_csGasGrenade
Log: 2531958.0ms Unloading: Package FP_taser
Log: 2531958.0ms Unloading: Package fp_Stinger
Log: 2531958.0ms Unloading: Package SWAT1stPersonTex2
Log: 2531958.0ms Unloading: Package FP_HK69
Log: 2531958.0ms Unloading: Package FP_glowstick
Log: 2531958.0ms Unloading: Package fp_fnp90
Log: 2531958.0ms Unloading: Package FP_G36k
Log: 2531958.0ms Unloading: Package FP_uzi
Log: 2531958.0ms Unloading: Package FP_UMPsmg
Log: 2531958.0ms Unloading: Package fp_tec9
Log: 2531958.0ms Unloading: Package FP_stingGrenade
Log: 2531958.0ms Unloading: Package fp_deserteagle
Log: 2531958.0ms Unloading: Package FP_mp5SMGsilenced
Log: 2531958.0ms Unloading: Package FP_SAW
Log: 2531958.0ms Unloading: Package 3rd_SAW
Log: 2531958.0ms Unloading: Package FP_Optiwand
Log: 2531958.0ms Unloading: Package scripted_tex
Log: 2531958.0ms Unloading: Package Optiwand_ThirdPerson
Log: 2531958.0ms Unloading: Package FP_AR_15SD
Log: 2531958.0ms Unloading: Package FP_m4super90sg
Log: 2531958.0ms Unloading: Package FP_M4A1mg
Log: 2531958.0ms Unloading: Package FP_9mmPistol
Log: 2531958.0ms Unloading: Package NineMMpistol_ThirdPerson
Log: 2531958.0ms Unloading: Package FP_flashbangGrenade
Log: 2531958.0ms Unloading: Package FP_paintball
Log: 2531958.0ms Unloading: Package FP_BreachingSG
Log: 2531958.0ms Unloading: Package BreachingSG_ThirdPerson
Log: 2531958.0ms Unloading: Package FP_AK47
Log: 2531958.0ms Unloading: Package FP_DoorWedge
Log: 2531958.0ms Unloading: Package FP_toolkit
Log: 2531958.0ms Unloading: Package FP_Pepperspray
Log: 2531958.0ms Unloading: Package Coronas
Log: 2531958.0ms Unloading: Package FP_Handcuffs
Log: 2531958.0ms Unloading: Package FP_C2charge
Log: 2531958.0ms Unloading: Package FP_Revolver
Log: 2531959.0ms Unloading: Package FP_mp5SMG
Log: 2531959.0ms Unloading: Package gui_tex2
Log: 2531959.0ms Unloading: Package TaserWire
Log: 2531959.0ms Unloading: Package swatmeshfx2_sm
Log: 2531959.0ms Unloading: Package SwatProgrammerSampleClasses
Log: 2531959.0ms Unloading: Package DeadPeople_sm
Log: 2531959.0ms Unloading: Package FemaleNurseTex
Log: 2531959.0ms Unloading: Package MaleDoctorTex
Log: 2531959.0ms Unloading: Package SWATbadguyTex
Log: 2531959.0ms Unloading: Package Paradise_sm
Log: 2531959.0ms Unloading: Package SWATmeshFX_sm
Log: 2531959.0ms Unloading: Package Con_Tex
Log: 2531959.0ms Unloading: Package SwatDesignerClasses
Log: 2531959.0ms Unloading: Package Bar_sm
Log: 2531959.0ms Unloading: Package Junk_Tex
Log: 2531959.0ms Unloading: Package Outdoors_Tex
Log: 2531959.0ms Unloading: Package Con_sm
Log: 2531959.0ms Unloading: Package mac_Tex
Log: 2531959.0ms Unloading: Package Tenement_sm
Log: 2531959.0ms Unloading: Package Silence_sm
Log: 2531959.0ms Unloading: Package off_sm
Log: 2531959.0ms Unloading: Package Repo_sm
Log: 2531959.0ms Unloading: Package LocalizedTextures
Log: 2531959.0ms Unloading: Package Barbershop_sm
Log: 2531959.0ms Unloading: Package Furniture_Tex
Log: 2531959.0ms Unloading: Package dna_sm
Log: 2531959.0ms Unloading: Package amc_Tex
Log: 2531959.0ms Unloading: Package VIP_sm
Log: 2531959.0ms Unloading: Package Cars
Log: 2531959.0ms Unloading: Package mac_sm
Log: 2531959.0ms Unloading: Package Hosp_sm
Log: 2531959.0ms Unloading: Package Power_sm
Log: 2531959.0ms Unloading: Package Jewel_sm
Log: 2531959.0ms Unloading: Package arms_sm
Log: 2531959.0ms Unloading: Package Redlibrary_sm
Log: 2531959.0ms Unloading: Package Utility_Tex
Log: 2531959.0ms Unloading: Package train_sm
Log: 2531959.0ms Unloading: Package utility_sm
Log: 2531959.0ms Unloading: Package bullseye_sm
Log: 2531959.0ms Unloading: Package Junk_sm
Log: 2531959.0ms Unloading: Package Cars_sm
Log: 2531959.0ms Unloading: Package wall_sm
Log: 2531959.0ms Unloading: Package wall_Tex
Log: 2531959.0ms Unloading: Package TrainingAnimatedMeshes
Log: 2531959.0ms Unloading: Package MPbomb
Log: 2531959.0ms Unloading: Package SWATMaleAnimation
Log: 2531959.0ms Unloading: Package CultLeaderTextureSet
Log: 2531959.0ms Unloading: Package CameraEffectsTex
Log: 2531959.0ms Unloading: Package ProgrammerTestObjectsTex
Log: 2531959.0ms Unloading: Package UWindow_res
Log: 2531959.0ms Unloading: Package CoopArrow
Log: 2531959.0ms Unloading: Package SWATDoubleDoorAnimations
Log: 2531959.0ms Unloading: Package SWATDoorAnimation
Log: 2531959.0ms Unloading: Package SwatProtectiveEquipment2
Log: 2531959.0ms Unloading: Package SwatProtectiveEquipment
Exit: Game engine shut down
Log: Unbound to IGVisualEffectsSubsystem.dll
Log: 2531962.0ms Unloading: Package IGVisualEffectsSubsystem
Log: 2531965.0ms Unloading: Package Editor
Log: Unbound to WinDrv.dll
Log: Flushing viewport 0xD530A00
Log: Finished flushing viewport 0xD530A00 in 0.013 seconds
Log: Flushing viewport 0x0
Log: Finished flushing viewport 0x0 in 0.007 seconds
Exit: Windows client shut down
Log: Unbound to D3DDrv.dll
Log: 2532400.0ms Unloading: Package Packages
Exit: OpenAL Audio subsystem shut down.
DevMassive: ADCLIENT: MMT_DeInitialize
Log: 2532514.0ms Unloading: Package Entry
Log: Unbound to SwatGui.dll
Log: 2532514.0ms Unloading: Package SwatGui
Log: Unbound to IpDrv.dll
Log: 2532514.0ms Unloading: Package IpDrv
Log: 2532515.0ms Unloading: Package SwatAmmo
Log: 2532515.0ms Unloading: Package SwatAmmo2
Log: 2532515.0ms Unloading: Package SwatProjectile
Log: 2532515.0ms Unloading: Package SWATcivilianGear_sm
Log: 2532515.0ms Unloading: Package FemaleCasual2Tex
Log: 2532515.0ms Unloading: Package FemaleOfficeTex
Log: 2532515.0ms Unloading: Package FemaleHeavyTex
Log: 2532515.0ms Unloading: Package PerimeterAnimatedMeshes
Log: 2532515.0ms Unloading: Package Outdoors_sm
Log: 2532515.0ms Unloading: Package SwatEffects
Log: 2532515.0ms Unloading: Package AnimatedDecorMeshes
Log: 2532515.0ms Unloading: Package HotelAnimatedMeshes
Log: 2532515.0ms Unloading: Package TreeLeaves
Log: 2532515.0ms Unloading: Package JewelryAnimatedMeshes
Log: 2532515.0ms Unloading: Package SilenceShrub
Log: 2532515.0ms Unloading: Package VIPanimatedMeshes
Log: 2532515.0ms Unloading: Package REPOhelicopter
Log: 2532515.0ms Unloading: Package ArmsShrub
Log: 2532515.0ms Unloading: Package RedLibraryAnimatedMeshes
Log: 2532515.0ms Unloading: Package BarPullBarber
Log: 2532515.0ms Unloading: Package AbombStageLights
Log: 2532516.0ms Unloading: Package SwatFonts
Log: 2532518.0ms Unloading: Package swat_splashscene
Log: 2532518.0ms Unloading: Package Taiwan_OfficerTex
Log: 2532518.0ms Unloading: Package Taiwan
Log: 2532518.0ms Unloading: Package Suspect2_officerTex
Log: 2532518.0ms Unloading: Package suspect2
Log: 2532518.0ms Unloading: Package Suspect1_officerTex
Log: 2532518.0ms Unloading: Package suspect1
Log: 2532518.0ms Unloading: Package GIGN_OfficerTex
Log: 2532518.0ms Unloading: Package GIGN
Log: 2532519.0ms Unloading: Package SP-Training
Log: 2532519.0ms Unloading: Package SP-Tenement
Log: 2532519.0ms Unloading: Package SP-RedLibrary
Log: 2532519.0ms Unloading: Package SP-JewelryHeist
Log: 2532520.0ms Unloading: Package SP-Hotel
Log: 2532520.0ms Unloading: Package SP-Hospital
Log: 2532520.0ms Unloading: Package SP-FoodWall
Log: 2532520.0ms Unloading: Package SP-FairfaxResidence
Log: 2532520.0ms Unloading: Package SP-DNA
Log: 2532520.0ms Unloading: Package SP-ConvenienceStore
Log: 2532521.0ms Unloading: Package SP-Casino
Log: 2532521.0ms Unloading: Package SP-AutoGarage
Log: 2532521.0ms Unloading: Package SP-ArmsDeal
Log: 2532521.0ms Unloading: Package SP-ABomb
Log: 2532521.0ms Unloading: Package MP-Training
Log: 2532521.0ms Unloading: Package MP-Tenement
Log: 2532521.0ms Unloading: Package MP-RedLibrary
Log: 2532521.0ms Unloading: Package MP-PowerPlant
Log: 2532521.0ms Unloading: Package MP-MeatBarn
Log: 2532521.0ms Unloading: Package MP-JewelryHeist
Log: 2532521.0ms Unloading: Package MP-Hotel
Log: 2532521.0ms Unloading: Package MP-Hospital
Log: 2532522.0ms Unloading: Package MP-Foodwall
Log: 2532522.0ms Unloading: Package MP-FairfaxResidence
Log: 2532522.0ms Unloading: Package MP-DNA
Log: 2532522.0ms Unloading: Package MP-Courthouse
Log: 2532522.0ms Unloading: Package MP-ConvenienceStore
Log: 2532522.0ms Unloading: Package MP-Casino
Log: 2532522.0ms Unloading: Package MP-AutoGarage
Log: 2532522.0ms Unloading: Package MP-ArmsDeal
Log: 2532522.0ms Unloading: Package MP-ABomb
Log: 2532522.0ms Unloading: Package SP-Warehouse
Log: 2532522.0ms Unloading: Package SP-Subway
Log: 2532522.0ms Unloading: Package SP-StuckInTheWoods
Log: 2532522.0ms Unloading: Package SP-ShippingTerminal
Log: 2532522.0ms Unloading: Package SP-PrecinctHQ
Log: 2532523.0ms Unloading: Package SP-PrecinctHQ-fix
Log: 2532523.0ms Unloading: Package SP-Office
Log: 2532523.0ms Unloading: Package SP-HalfwayHouse
Log: 2532523.0ms Unloading: Package SP-EncoreMall-TSS
Log: 2532523.0ms Unloading: Package SP-DrugLab
Log: 2532523.0ms Unloading: Package SP-Backstage
Log: 2532523.0ms Unloading: Package SP-Arcade
Log: 2532523.0ms Unloading: Package SP-Apollo-fix
Log: 2532524.0ms Unloading: Package RedOps
Log: 2532524.0ms Unloading: Package MP-Zal'sSnakePit
Log: 2532524.0ms Unloading: Package MP-Warehouse
Log: 2532524.0ms Unloading: Package MP-University-TSS
Log: 2532524.0ms Unloading: Package MP-U273
Log: 2532524.0ms Unloading: Package MP-Training-smash
Log: 2532524.0ms Unloading: Package MP-Tenement-smash
Log: 2532524.0ms Unloading: Package MP-Swat_cemetary
Log: 2532524.0ms Unloading: Package MP-SunlitsPitStop
Log: 2532524.0ms Unloading: Package MP-Subway
Log: 2532524.0ms Unloading: Package MP-SubsGarage
Log: 2532524.0ms Unloading: Package MP-StuckInTheWoods
Log: 2532524.0ms Unloading: Package MP-Shipyard-TSS
Log: 2532524.0ms Unloading: Package MP-ShippingTerminal
Log: 2532524.0ms Unloading: Package MP-SavBar&Grill
Log: 2532524.0ms Unloading: Package MP-RunawayShelter
Log: 2532524.0ms Unloading: Package MP-RoadSide
Log: 2532525.0ms Unloading: Package MP-RedLibrary-smash
Log: 2532525.0ms Unloading: Package MP-Rebels_Club
Log: 2532525.0ms Unloading: Package MP-REBELsHouse
Log: 2532525.0ms Unloading: Package MP-Rats
Log: 2532525.0ms Unloading: Package MP-PowerPlant-smash
Log: 2532525.0ms Unloading: Package MP-PaintballMadness
Log: 2532525.0ms Unloading: Package MP-Office
Log: 2532525.0ms Unloading: Package MP-Nightclub
Log: 2532525.0ms Unloading: Package MP-Newfort24
Log: 2532525.0ms Unloading: Package MP-MoutMckennaSnow
Log: 2532525.0ms Unloading: Package MP-MoutMckenna
Log: 2532525.0ms Unloading: Package MP-MeatBarn-smash
Log: 2532525.0ms Unloading: Package MP-Mansion
Log: 2532525.0ms Unloading: Package MP-Madmap
Log: 2532525.0ms Unloading: Package MP-LenasHouse
Log: 2532525.0ms Unloading: Package MP-Laura'sGardens
Log: 2532525.0ms Unloading: Package MP-JonasHouse
Log: 2532525.0ms Unloading: Package MP-JewelryHeist-smash
Log: 2532525.0ms Unloading: Package MP-JersHomeLand
Log: 2532525.0ms Unloading: Package MP-JasperShops
Log: 2532525.0ms Unloading: Package MP-Intensity
Log: 2532526.0ms Unloading: Package MP-Hotel_Zep
Log: 2532526.0ms Unloading: Package MP-Hotel-smash
Log: 2532526.0ms Unloading: Package MP-Hospital-smash
Log: 2532526.0ms Unloading: Package MP-HalfwayHouse
Log: 2532526.0ms Unloading: Package MP-HackBosscemetary
Log: 2532526.0ms Unloading: Package MP-GrowOpV2-TSS
Log: 2532526.0ms Unloading: Package MP-GrowOpV2-MOD
Log: 2532526.0ms Unloading: Package MP-Foodwall-smash
Log: 2532526.0ms Unloading: Package MP-FairfaxResidence-smash
Log: 2532526.0ms Unloading: Package MP-DrugLab
Log: 2532527.0ms Unloading: Package MP-DrFeelGoodsPalace
Log: 2532527.0ms Unloading: Package MP-DOCJT
Log: 2532527.0ms Unloading: Package MP-DNA-smash
Log: 2532527.0ms Unloading: Package MP-Desert_Dust-TSS
Log: 2532527.0ms Unloading: Package MP-Courthouse-smash
Log: 2532527.0ms Unloading: Package MP-ConvenienceStore-smash
Log: 2532527.0ms Unloading: Package SwatSimpleEquipment
Log: 2532527.0ms Unloading: Package MP-ContendersDive
Log: 2532527.0ms Unloading: Package MP-CombatZone
Log: 2532527.0ms Unloading: Package MP-Clear
Log: 2532527.0ms Unloading: Package MP-CBlock
Log: 2532527.0ms Unloading: Package MP-Casino-smash
Log: 2532527.0ms Unloading: Package MP-BusStationxpansion-TSS
Log: 2532527.0ms Unloading: Package MP-Backstage
Log: 2532527.0ms Unloading: Package MP-AutoGarage-smash
Log: 2532527.0ms Unloading: Package MP-AStreet
Log: 2532527.0ms Unloading: Package MP-astop
Log: 2532527.0ms Unloading: Package MP-ArmsDeal-smash
Log: 2532527.0ms Unloading: Package MP-Arcade
Log: 2532528.0ms Unloading: Package MP-ArabVillageDay-TSS
Log: 2532528.0ms Unloading: Package MP-Amity
Log: 2532528.0ms Unloading: Package MP-Alahumbra
Log: 2532528.0ms Unloading: Package MP-ABomb-smash
Log: 2532528.0ms Unloading: Package MP-525Cristof'sRD
Log: 2532528.0ms Unloading: Package MP-1556CastleStar
Log: 2532528.0ms Unloading: Package Mistero18
Log: 2532528.0ms Unloading: Package FinalCrackDown_COOP
Log: 2532528.0ms Unloading: Package CoopQMMLobby
Log: 2532528.0ms Unloading: Package a-hawkfinal
Log: 2532529.0ms Unloading: Package sky
Log: 2532529.0ms Unloading: Package Skybox
Log: 2532529.0ms Unloading: Package Druglab_sm
Log: (Havok): Destroying static world for level.
Exit: Socket shut down
Log: 2532563.0ms Unloading: Package SWATeffects2
Log: 2532563.0ms Unloading: Package VisualEffectsConfig
Log: 2532563.0ms Unloading: Package SWEXP_weapons
Log: MasterServerUplink::Destroy().
Log: 2532563.0ms Unloading: Package warehouse_tex
Log: 2532563.0ms Unloading: Package warehouse_sm
Log: 2532563.0ms Unloading: Package halfway_tex
Log: 2532563.0ms Unloading: Package halfwayhouse_sm
Log: 2532563.0ms Unloading: Package SwatDesignerClasses2
Log: 2532563.0ms Unloading: Package FemaleCasual3Tex
Log: 2532563.0ms Unloading: Package FemaleCasual1Tex
Log: 2532563.0ms Unloading: Package FemaleAnimation
Log: 2532563.0ms Unloading: Package SW_Weapons
Log: 2532563.0ms Unloading: Package SW_VO
Log: 2532563.0ms Unloading: Package SW_Meta
Log: 2532563.0ms Unloading: Package SW_Hits
Log: 2532563.0ms Unloading: Package SW_Feet
Log: 2532563.0ms Unloading: Package SW_Bullets
Log: 2532563.0ms Unloading: Package SW_Ambients
Log: 2532563.0ms Unloading: Package SW_Bounce
Log: 2532564.0ms Unloading: Package SW_Objects
Log: 2532564.0ms Unloading: Package SwatCameraEffects2
Log: 2532564.0ms Unloading: Package SwatCameraEffects
Log: 2532564.0ms Unloading: Package FP_FragGrenade
Log: 2532564.0ms Unloading: Package SwatEquipmentModels
Log: 2532564.0ms Unloading: Package SwatObjectives
Log: 2532564.0ms Unloading: Package SwatEd
Log: 2532564.0ms Unloading: Package SWEXP_ambience
Log: 2532564.0ms Unloading: Package SoundEffectsConfig
Log: (Havok): Notifiing dependant DLLs of Havok shutdown..
Log: (Havok): Shutting down base system.
Log: Garbage: objects: 65414->0; refs: 869279
Exit: Object subsystem successfully closed.
Exit: Exiting.
Log: Waiting for file streaming thread to finish...
Uninitialized: Name subsystem shut down
Uninitialized: Memory Allocation Status
Uninitialized: Curr Memory  0.859M /  14.391M
Uninitialized: Peak Memory  318.936M /  326.844M
Uninitialized: Allocs        3638 Current /  184689600 Total
Uninitialized: Log file closed, 02/14/21 18:36:45
