Log: Log file open, 04/21/20 20:53:31
Init: ----------------------------------------
Init: SWAT VERSION NUMBER: 1.0
Init: ----------------------------------------
Init: Compiled: Nov 22 2005 12:00:47
Init: Command line: -c
Init: Base directory: C:\Program Files (x86)\VUGames\SWAT 4\ContentExpansion\System\
Init: Character set: Unicode
Init: Found startup configuration: StartupUCC.ini
Init: Adding FilePath: ..\Source\Game\System;..\Source\Unreal\System;..\Content;..\Content\System;..\..\Content;..\..\Content\Classes;..\..\ContentExpansion;..\..\ContentExpansion\System;..\..\ContentExpansion\Classes;
Log: Bound to Core.dll
Init: Object subsystem initialized
Init: Computer: SIRMORDRAGPC
Init: User: SirMordrag
Init: CPU Page size=4096, Processors=2
Init: CPU Detected: PentiumPro-class processor (GenuineIntel)
Init: CPU Features: CMov FPU RDTSC PAE MMX SSE
Init: CPU Speed=3007.981475 MHz
Init: Memory total: Phys=4194303K Pagef=4194303K Virt=2097024K
Init: Working set: 32000 / 159000
Log: Bound to Engine.dll
Log: Bound to IGEffectsSystem.dll
Log: Executing Class Engine.MasterMD5Commandlet
Log: ==================================================
Log:  MD5 Database Management
Log: ==================================================
Log:  
Log: Creating a new MD5 Database...
Log: Adding New GUID F6746F6249C8EC8C0DBEB9BA6042CB32 for C:\Program Files (x86)\VUGames\SWAT 4\devMod\System\AICommon.u
Log:    Allowed MD5 0 [0f1bf2fc8b07fed7352cd0cfda91fb46]
Log: Adding New GUID D1401794486F3F19C3272B9ECCC58A91 for C:\Program Files (x86)\VUGames\SWAT 4\devMod\System\Core.u
Log:    Allowed MD5 0 [73222d2fef371cfffb64ae1a868de688]
Log: Adding New GUID A67169AC4F852527CA2FD6BCCD4BA276 for C:\Program Files (x86)\VUGames\SWAT 4\devMod\System\Editor.u
Log:    Allowed MD5 0 [f2c1bbc0ab62367c5f757e90402178f9]
Log: Adding New GUID 18DA94FB495F409E9F14CDAC6A876510 for C:\Program Files (x86)\VUGames\SWAT 4\devMod\System\Engine.u
Log:    Allowed MD5 0 [3bdfd23f33eaca3e348c9ad0fe8aa21c]
Log: Adding New GUID AC30A481409371049A6BE7BE350F4793 for C:\Program Files (x86)\VUGames\SWAT 4\devMod\System\Gameplay.u
Log:    Allowed MD5 0 [4144e01e1bafa36fa84105825328cb7e]
Log: Adding New GUID CAF3C15D4199C2192F117A9594AD7C6D for C:\Program Files (x86)\VUGames\SWAT 4\devMod\System\GUI.u
Log:    Allowed MD5 0 [6a85b424679705aa99fcc07e9132e489]
Log: Adding New GUID 93E82C164BCFEEC4B8AE4588102751A5 for C:\Program Files (x86)\VUGames\SWAT 4\devMod\System\IGEffectsSystem.u
Log:    Allowed MD5 0 [2df4834185d6fdee27ff0adb7d978304]
Log: Adding New GUID 39A5A9AA4BEFD83224C2449AEB964936 for C:\Program Files (x86)\VUGames\SWAT 4\devMod\System\IGSoundEffectsSubsystem.u
Log:    Allowed MD5 0 [102de3bf73da93667309a379575298c8]
Log: Adding New GUID 5388625A4EA38077C06F07B6B7554235 for C:\Program Files (x86)\VUGames\SWAT 4\devMod\System\IGVisualEffectsSubsystem.u
Log:    Allowed MD5 0 [02c0948b3e131d669951aa58eff1eaaf]
Log: Adding New GUID D2604AF94B637D74A466F8B538ED2DAC for C:\Program Files (x86)\VUGames\SWAT 4\devMod\System\IpDrv.u
Log:    Allowed MD5 0 [a54e91e5ab8429ee50a793589ba42dfe]
Log: Adding New GUID 8291850240BC4643DD2FAA866E12BE34 for C:\Program Files (x86)\VUGames\SWAT 4\devMod\System\RWOSupport.u
Log:    Allowed MD5 0 [1356b15795f7818a53242cc995622008]
Log: Adding New GUID 0405051E4DB9342E7BB4818BD7F472A4 for C:\Program Files (x86)\VUGames\SWAT 4\devMod\System\Scripting.u
Log:    Allowed MD5 0 [47410591f71b15b70a255965bf791e8a]
Log: Adding New GUID 39DBEF6F411031615EB9A0A24A1E9475 for C:\Program Files (x86)\VUGames\SWAT 4\devMod\System\SwatAIAwareness.u
Log:    Allowed MD5 0 [d4436b70008f7af9082ec3e7d93a9bc3]
Log: Adding New GUID 85F300644D665495977D65B27EC5CE44 for C:\Program Files (x86)\VUGames\SWAT 4\devMod\System\SwatAICommon.u
Log:    Allowed MD5 0 [7a9f9d3c54810b099d572a9763487e70]
Log: Adding New GUID 02710B8A49EAC69EA7BF35937F351CF0 for C:\Program Files (x86)\VUGames\SWAT 4\devMod\System\SwatEd.u
Log:    Allowed MD5 0 [63f2b7d204a2a03663ce8f64d712bbfd]
Log: Adding New GUID 55C276CC4C827C4C53866DA5A32CF947 for C:\Program Files (x86)\VUGames\SWAT 4\devMod\System\SwatEquipment.u
Log:    Allowed MD5 0 [fc1353eb857d6873c2d9f00f049ac61b]
Log: Adding New GUID EFC151864FDEC332622EB780298DD717 for C:\Program Files (x86)\VUGames\SWAT 4\devMod\System\SwatGame.u
Log:    Allowed MD5 0 [510752df6117a3eea6b68a014be1893c]
Log: Adding New GUID A246C89049F8607CCDD027B868DB2981 for C:\Program Files (x86)\VUGames\SWAT 4\devMod\System\SwatGui.u
Log:    Allowed MD5 0 [1b3dc4c65b322b9a20842faa78506d9d]
Log: Adding New GUID C4A9081D4C01BEDF54E5C7BBE80C6029 for C:\Program Files (x86)\VUGames\SWAT 4\devMod\System\SwatObjectives.u
Log:    Allowed MD5 0 [1acbaf5360d02993198861d3557fc09a]
Log: Adding New GUID 45C8F10D477E7DFF02963A925F85E9C1 for C:\Program Files (x86)\VUGames\SWAT 4\devMod\System\SwatProcedures.u
Log:    Allowed MD5 0 [80c5051fc81b5afe5f63102e518ab4bc]
Log: Adding New GUID D84AF2CF468D4D93B05CD19B4A500C59 for C:\Program Files (x86)\VUGames\SWAT 4\devMod\System\Tyrion.u
Log:    Allowed MD5 0 [74d46385e5ae671b31befef472fe5c17]
Log: Adding New GUID 2865C3EF43EEABC8EB15DFA4736AD1E0 for C:\Program Files (x86)\VUGames\SWAT 4\devMod\System\UWindow.u
Log:    Allowed MD5 0 [a54a65167d6f661b70dc6fd65db90d70]
Log: Adding New GUID 2A14F4F34A90CEB3A5DB07A9C7A8F18F for C:\Program Files (x86)\VUGames\SWAT 4\devMod\System\Voting.u
Log:    Allowed MD5 0 [68a581c8fd2f01ea0a07c364922fa9c1]
Log: Adding New GUID 894E8EB448D6EF32F8E95E91E107F779 for C:\Program Files (x86)\VUGames\SWAT 4\Content\System\SoundEffectsConfig.u
Log:    Allowed MD5 0 [8329c84e943a0bd6b87f612f4b4982aa]
Log: Adding New GUID 8CE8C3CE4042620D5F7CFA80416524E2 for C:\Program Files (x86)\VUGames\SWAT 4\Content\System\VisualEffectsConfig.u
Log:    Allowed MD5 0 [86c811984dd60b9e7097094da6db3eb7]
Log: Adding New GUID B20FEC7344313845A5C708BCE541542A for C:\Program Files (x86)\VUGames\SWAT 4\Content\Classes\AnimatedDecorMeshes.u
Log:    Allowed MD5 0 [1446b0265010f6296b4bcf75376c0f85]
Log: Adding New GUID 4B6816984AA82B0F19D88ABBE3563F94 for C:\Program Files (x86)\VUGames\SWAT 4\Content\Classes\GUIanimations.u
Log:    Allowed MD5 0 [7cd8e8d09bc2e6b0e57de7c6bb26c198]
Log: Adding New GUID 4DF4844843D030A512DDE5B483B889FB for C:\Program Files (x86)\VUGames\SWAT 4\Content\Classes\mass_classes.u
Log:    Allowed MD5 0 [b04a390e78707e6b63a6422c6be91704]
Log: Adding New GUID 33CBFC27478CAC7DAB2B21A5B7A6BCC9 for C:\Program Files (x86)\VUGames\SWAT 4\Content\Classes\SwatAmmo.u
Log:    Allowed MD5 0 [8ea5594cf18cf88d9eb167568804b4b1]
Log: Adding New GUID B7EC94F04804939ABADECA9E4A7079FA for C:\Program Files (x86)\VUGames\SWAT 4\Content\Classes\SwatCameraEffects.u
Log:    Allowed MD5 0 [8174694a574f988d42a299c28a50ec3e]
Log: Adding New GUID C820E15E4C3AE9F1266B69B439D6E888 for C:\Program Files (x86)\VUGames\SWAT 4\Content\Classes\SwatDesignerClasses.u
Log:    Allowed MD5 0 [a6968228f9d29687fd9363a213c199e0]
Log: Adding New GUID 832C59C843E4A61132FD3FABC3F98C27 for C:\Program Files (x86)\VUGames\SWAT 4\Content\Classes\SwatDesignerEquipment.u
Log:    Allowed MD5 0 [3349f8a21af2667aaaa8dd1a3fd509b2]
Log: Adding New GUID B9265309406306578DB9D2AAA76D25CA for C:\Program Files (x86)\VUGames\SWAT 4\Content\Classes\SwatEffects.u
Log:    Allowed MD5 0 [f18dad9bab3cdec9442f408a1af0ab15]
Log: Adding New GUID 688D634646007FA6E81B84930B17FE10 for C:\Program Files (x86)\VUGames\SWAT 4\Content\Classes\SwatEquipmentModels.u
Log:    Allowed MD5 0 [08037313b1a735e5260df3737981aa09]
Log: Adding New GUID 0C56B2114113FC8775FBF48641B970DE for C:\Program Files (x86)\VUGames\SWAT 4\Content\Classes\SwatProgrammerSampleClasses.u
Log:    Allowed MD5 0 [dd78623cbe45d23ef92e40bfc5794dfc]
Log: Adding New GUID FBAB77E7468A6D139CF1A0826C551706 for C:\Program Files (x86)\VUGames\SWAT 4\Content\Classes\SwatProtectiveEquipment.u
Log:    Allowed MD5 0 [19346e81f51551691c9f16460d38e829]
Log: Adding New GUID D43C01D24A1CD6B5972683BC671F83DC for C:\Program Files (x86)\VUGames\SWAT 4\Content\Classes\SwatSimpleEquipment.u
Log:    Allowed MD5 0 [4d806c682863891f6403072b7fec0d9f]
Log: Adding New GUID 3B33EED5488F0965021459A7CD0DE359 for C:\Program Files (x86)\VUGames\SWAT 4\Content\System\AICommon.u
Log:    Allowed MD5 0 [dfdf9ef3a7575a8fa91c85e2c43763fa]
Log: GUID D1401794486F3F19C3272B9ECCC58A91 already exists.. 
Log:    MD5 73222d2fef371cfffb64ae1a868de688 is already allowed
Log: Adding New GUID 6419DBBE4E570840CC2572A361845F12 for C:\Program Files (x86)\VUGames\SWAT 4\Content\System\Editor.u
Log:    Allowed MD5 0 [bf30b24b35f2e6b705455b7f020048d8]
Log: GUID 18DA94FB495F409E9F14CDAC6A876510 already exists.. 
Log:    MD5 3bdfd23f33eaca3e348c9ad0fe8aa21c is already allowed
Log: Adding New GUID 97F59F61401F1B9EB469D3911569619C for C:\Program Files (x86)\VUGames\SWAT 4\Content\System\Gameplay.u
Log:    Allowed MD5 0 [4332c4b1eb6a11b51ab2250c5135fb6c]
Log: GUID CAF3C15D4199C2192F117A9594AD7C6D already exists.. 
Log:    MD5 6a85b424679705aa99fcc07e9132e489 is already allowed
Log: Adding New GUID 5198B6D94129C74B5448069A48F3D26D for C:\Program Files (x86)\VUGames\SWAT 4\Content\System\IGEffectsSystem.u
Log:    Allowed MD5 0 [cc326a167d023382916d51eb3a6f9fcf]
Log: Adding New GUID 08DF72F640F8CA6AE22E6DB7861C4803 for C:\Program Files (x86)\VUGames\SWAT 4\Content\System\IGSoundEffectsSubsystem.u
Log:    Allowed MD5 0 [047ce0bab82dd98cad95c731c8b65f6d]
Log: Adding New GUID 85666A5E495196E22D90B1A066E0B525 for C:\Program Files (x86)\VUGames\SWAT 4\Content\System\IGVisualEffectsSubsystem.u
Log:    Allowed MD5 0 [89d2000247eb1308a8f74e596e33979a]
Log: Adding New GUID 2869BA6F425CEADB3C884087F580A334 for C:\Program Files (x86)\VUGames\SWAT 4\Content\System\IpDrv.u
Log:    Allowed MD5 0 [06fa5cbf755aea5704d424de77449da0]
Log: Adding New GUID 9935EA54463E697783A527AAF301E698 for C:\Program Files (x86)\VUGames\SWAT 4\Content\System\RWOSupport.u
Log:    Allowed MD5 0 [454c2f0a2662c69af38617c5703aae0c]
Log: Adding New GUID 8932302F4358A2EFAA967E81F0E3F489 for C:\Program Files (x86)\VUGames\SWAT 4\Content\System\Scripting.u
Log:    Allowed MD5 0 [82c53b706a4af07fa995d543ed464f2a]
Log: GUID 894E8EB448D6EF32F8E95E91E107F779 already exists.. 
Log:    MD5 8329c84e943a0bd6b87f612f4b4982aa is already allowed
Log: Adding New GUID CFFB8FD7441A2DD2A87EDDA6E37A46A9 for C:\Program Files (x86)\VUGames\SWAT 4\Content\System\SwatAIAwareness.u
Log:    Allowed MD5 0 [7efcdad15a0f7fb3350ceb129f22a262]
Log: Adding New GUID C77989434163D4A53C12708051352DE8 for C:\Program Files (x86)\VUGames\SWAT 4\Content\System\SwatAICommon.u
Log:    Allowed MD5 0 [48c2ff1b80b19b9d9a8d5f303c990d0b]
Log: Adding New GUID 902E406840BF0206D1FA32B2DFCCD399 for C:\Program Files (x86)\VUGames\SWAT 4\Content\System\SwatEd.u
Log:    Allowed MD5 0 [d8a3da5429e23bb6a26d10a539e8ba88]
Log: Adding New GUID 0C9771CF4180BBFB45C751B36F660341 for C:\Program Files (x86)\VUGames\SWAT 4\Content\System\SwatEquipment.u
Log:    Allowed MD5 0 [7767437172c430c7600fd9937273a732]
Log: GUID EFC151864FDEC332622EB780298DD717 already exists.. 
Log:    MD5 510752df6117a3eea6b68a014be1893c is already allowed
Log: GUID A246C89049F8607CCDD027B868DB2981 already exists.. 
Log:    MD5 1b3dc4c65b322b9a20842faa78506d9d is already allowed
Log: Adding New GUID BC3F2FBA481EBFD8C0CA8CB5AEAC23A4 for C:\Program Files (x86)\VUGames\SWAT 4\Content\System\SwatObjectives.u
Log:    Allowed MD5 0 [f00950c36bb44fb8cde6ce6f6f3ab5ed]
Log: Adding New GUID 0791A39144E0D62AA858F6A446C29167 for C:\Program Files (x86)\VUGames\SWAT 4\Content\System\SwatProcedures.u
Log:    Allowed MD5 0 [312345124fdb7fd7bc0cabf5043e761a]
Log: Adding New GUID D5A74E5C4F6141B73083B08A564260F5 for C:\Program Files (x86)\VUGames\SWAT 4\Content\System\Tyrion.u
Log:    Allowed MD5 0 [7bafc4d93a4c8b27836c66b40386b7ac]
Log: Adding New GUID 6367224944334ACCDD74BBBE235C169C for C:\Program Files (x86)\VUGames\SWAT 4\Content\System\UWindow.u
Log:    Allowed MD5 0 [05b6abfec5b4a6f6e9cb1cec5a184b4f]
Log: GUID 8CE8C3CE4042620D5F7CFA80416524E2 already exists.. 
Log:    MD5 86c811984dd60b9e7097094da6db3eb7 is already allowed
Log: GUID B20FEC7344313845A5C708BCE541542A already exists.. 
Log:    MD5 1446b0265010f6296b4bcf75376c0f85 is already allowed
Log: GUID 4B6816984AA82B0F19D88ABBE3563F94 already exists.. 
Log:    MD5 7cd8e8d09bc2e6b0e57de7c6bb26c198 is already allowed
Log: GUID 4DF4844843D030A512DDE5B483B889FB already exists.. 
Log:    MD5 b04a390e78707e6b63a6422c6be91704 is already allowed
Log: GUID 33CBFC27478CAC7DAB2B21A5B7A6BCC9 already exists.. 
Log:    MD5 8ea5594cf18cf88d9eb167568804b4b1 is already allowed
Log: GUID B7EC94F04804939ABADECA9E4A7079FA already exists.. 
Log:    MD5 8174694a574f988d42a299c28a50ec3e is already allowed
Log: GUID C820E15E4C3AE9F1266B69B439D6E888 already exists.. 
Log:    MD5 a6968228f9d29687fd9363a213c199e0 is already allowed
Log: GUID 832C59C843E4A61132FD3FABC3F98C27 already exists.. 
Log:    MD5 3349f8a21af2667aaaa8dd1a3fd509b2 is already allowed
Log: GUID B9265309406306578DB9D2AAA76D25CA already exists.. 
Log:    MD5 f18dad9bab3cdec9442f408a1af0ab15 is already allowed
Log: GUID 688D634646007FA6E81B84930B17FE10 already exists.. 
Log:    MD5 08037313b1a735e5260df3737981aa09 is already allowed
Log: GUID 0C56B2114113FC8775FBF48641B970DE already exists.. 
Log:    MD5 dd78623cbe45d23ef92e40bfc5794dfc is already allowed
Log: GUID FBAB77E7468A6D139CF1A0826C551706 already exists.. 
Log:    MD5 19346e81f51551691c9f16460d38e829 is already allowed
Log: GUID D43C01D24A1CD6B5972683BC671F83DC already exists.. 
Log:    MD5 4d806c682863891f6403072b7fec0d9f is already allowed
Log: Adding New GUID 80F0C56647EB4F883BC837BD7858805F for C:\Program Files (x86)\VUGames\SWAT 4\ContentExpansion\Classes\Mass_classes2.u
Log:    Allowed MD5 0 [1af0dfa9f49710bd8f2b0b243ed539ae]
Log: Adding New GUID F93C3CFF4895DF8158F6A6A8E650A6B3 for C:\Program Files (x86)\VUGames\SWAT 4\ContentExpansion\Classes\SwatAmmo2.u
Log:    Allowed MD5 0 [5be208a374b54bcc7b1121c99794899a]
Log: Adding New GUID CFDDF2D04C319053EA850781902920B1 for C:\Program Files (x86)\VUGames\SWAT 4\ContentExpansion\Classes\SwatCameraEffects2.u
Log:    Allowed MD5 0 [ef2e33e31253d0853bd6a7349a4bf54f]
Log: Adding New GUID 3ECA67054A65021F806B788F6097006E for C:\Program Files (x86)\VUGames\SWAT 4\ContentExpansion\Classes\SwatDesignerClasses2.u
Log:    Allowed MD5 0 [565734230c47536721de90cfcda88d80]
Log: Adding New GUID EDF493604D96BD49C1316AABAC18A2CC for C:\Program Files (x86)\VUGames\SWAT 4\ContentExpansion\Classes\SwatEffects2.u
Log:    Allowed MD5 0 [e9d93436b0dc8d9f1659eb2ac5568451]
Log: Adding New GUID 90CBC29545742E0E352E3B8C7FC1C46C for C:\Program Files (x86)\VUGames\SWAT 4\ContentExpansion\Classes\SwatEquipmentModels2.u
Log:    Allowed MD5 0 [ca7d33cd7a73fa07b0d281bbd0390ec0]
Log: Adding New GUID B513B3184A64CA3D99432EB58AF4D772 for C:\Program Files (x86)\VUGames\SWAT 4\ContentExpansion\Classes\SwatExpHavokClasses.u
Log:    Allowed MD5 0 [74cde2e8ae49e90bc687316474475f8b]
Log: Adding New GUID 957905FA46AE79CD4E6D8EBF83A6A4A0 for C:\Program Files (x86)\VUGames\SWAT 4\ContentExpansion\Classes\SwatProjectile.u
Log:    Allowed MD5 0 [359a3987a532af2ed000aaf3cf8662f6]
Log: Adding New GUID 20BE934F45F6E0FFFF3E68961F0C0A9D for C:\Program Files (x86)\VUGames\SWAT 4\ContentExpansion\Classes\SwatProtectiveEquipment2.u
Log:    Allowed MD5 0 [f1bd20f30af40849a1846a7ef465f88f]
Log: GUID 80F0C56647EB4F883BC837BD7858805F already exists.. 
Log:    MD5 1af0dfa9f49710bd8f2b0b243ed539ae is already allowed
Log: Adding New GUID 2D74758B46AD6D4E0BBBE5B56695633F for C:\Program Files (x86)\VUGames\SWAT 4\ContentExpansion\Classes\SwatAmmo.u
Log:    Allowed MD5 0 [0dfc89a03fb4fcb23d8d912fb93799d1]
Log: GUID F93C3CFF4895DF8158F6A6A8E650A6B3 already exists.. 
Log:    MD5 5be208a374b54bcc7b1121c99794899a is already allowed
Log: GUID CFDDF2D04C319053EA850781902920B1 already exists.. 
Log:    MD5 ef2e33e31253d0853bd6a7349a4bf54f is already allowed
Log: GUID 3ECA67054A65021F806B788F6097006E already exists.. 
Log:    MD5 565734230c47536721de90cfcda88d80 is already allowed
Log: GUID EDF493604D96BD49C1316AABAC18A2CC already exists.. 
Log:    MD5 e9d93436b0dc8d9f1659eb2ac5568451 is already allowed
Log: GUID 90CBC29545742E0E352E3B8C7FC1C46C already exists.. 
Log:    MD5 ca7d33cd7a73fa07b0d281bbd0390ec0 is already allowed
Log: GUID B513B3184A64CA3D99432EB58AF4D772 already exists.. 
Log:    MD5 74cde2e8ae49e90bc687316474475f8b is already allowed
Log: GUID 957905FA46AE79CD4E6D8EBF83A6A4A0 already exists.. 
Log:    MD5 359a3987a532af2ed000aaf3cf8662f6 is already allowed
Log: GUID 20BE934F45F6E0FFFF3E68961F0C0A9D already exists.. 
Log:    MD5 f1bd20f30af40849a1846a7ef465f88f is already allowed
Log: Adding New GUID B1B11B7F48D537602538338EEA246424 for C:\Program Files (x86)\VUGames\SWAT 4\ContentExpansion\System\AICommon.u
Log:    Allowed MD5 0 [2d3601c35176c6dc3bd80ae69b6aec15]
Log: GUID D1401794486F3F19C3272B9ECCC58A91 already exists.. 
Log:    MD5 73222d2fef371cfffb64ae1a868de688 is already allowed
Log: Adding New GUID E79DA6A2438DD8B045A3D49A53168BA9 for C:\Program Files (x86)\VUGames\SWAT 4\ContentExpansion\System\Editor.u
Log:    Allowed MD5 0 [ca83226ba0e743d48ebee6c653962d68]
Log: GUID 18DA94FB495F409E9F14CDAC6A876510 already exists.. 
Log:    MD5 3bdfd23f33eaca3e348c9ad0fe8aa21c is already allowed
Log: Adding New GUID DB60F1D94D6AB2F1AE4A21958D4B453C for C:\Program Files (x86)\VUGames\SWAT 4\ContentExpansion\System\Gameplay.u
Log:    Allowed MD5 0 [8cb8f9ac44d48dfbc7e701124799c90b]
Log: GUID CAF3C15D4199C2192F117A9594AD7C6D already exists.. 
Log:    MD5 6a85b424679705aa99fcc07e9132e489 is already allowed
Log: Adding New GUID DD202BCC4AF93875102F06B6115814B8 for C:\Program Files (x86)\VUGames\SWAT 4\ContentExpansion\System\IGEffectsSystem.u
Log:    Allowed MD5 0 [bd8760cddc9bb6ec0ef1536fb36c8a5f]
Log: Adding New GUID A0F2ED4F42BA959A9DEF18883C385559 for C:\Program Files (x86)\VUGames\SWAT 4\ContentExpansion\System\IGSoundEffectsSubsystem.u
Log:    Allowed MD5 0 [6c5086d706dc97a9247609cca00aabcf]
Log: Adding New GUID B4773F9A4C1A765DB6B667886DBEE797 for C:\Program Files (x86)\VUGames\SWAT 4\ContentExpansion\System\IGVisualEffectsSubsystem.u
Log:    Allowed MD5 0 [16e38791803df353121967deb2d8f4a3]
Log: Adding New GUID 321C619A4441265753972C97947BE8D6 for C:\Program Files (x86)\VUGames\SWAT 4\ContentExpansion\System\IpDrv.u
Log:    Allowed MD5 0 [b0a12ed890c6cfa1eac2de95c5afcc36]
Log: Adding New GUID C8A256D442AF5861C35FE5BEC70B6A37 for C:\Program Files (x86)\VUGames\SWAT 4\ContentExpansion\System\RWOSupport.u
Log:    Allowed MD5 0 [3f650a112a165caa311834fb43e701bf]
Log: Adding New GUID 2C75397B4A4B4B6F48ABBC9943561187 for C:\Program Files (x86)\VUGames\SWAT 4\ContentExpansion\System\Scripting.u
Log:    Allowed MD5 0 [86b0ed268f67c7f43019ccf534644815]
Log: Adding New GUID 3D3E82F846249E80DCF1399953A6B631 for C:\Program Files (x86)\VUGames\SWAT 4\ContentExpansion\System\SoundEffectsConfig.u
Log:    Allowed MD5 0 [fa54273f19b911dcd189c6dd021a5953]
Log: Adding New GUID 76B432A24F22275A7DA4BE9BF273B1E3 for C:\Program Files (x86)\VUGames\SWAT 4\ContentExpansion\System\SwatAIAwareness.u
Log:    Allowed MD5 0 [3b89fda165bb3befca698f1d1d18e813]
Log: Adding New GUID ECCAC9104D1FC7DA340FBEABD9B42694 for C:\Program Files (x86)\VUGames\SWAT 4\ContentExpansion\System\SwatAICommon.u
Log:    Allowed MD5 0 [6d72150da56547541d6503eb4aca9567]
Log: Adding New GUID 597C1FC24106893F5C335B93EDA2E989 for C:\Program Files (x86)\VUGames\SWAT 4\ContentExpansion\System\SwatEd.u
Log:    Allowed MD5 0 [fe65a2a407d2212cc4e302bcf197a0ec]
Log: Adding New GUID A96F272642301CEA1F755E8484FD357B for C:\Program Files (x86)\VUGames\SWAT 4\ContentExpansion\System\SwatEquipment.u
Log:    Allowed MD5 0 [92725ebee4bd9b2ca201fb421154bac4]
Log: GUID EFC151864FDEC332622EB780298DD717 already exists.. 
Log:    MD5 510752df6117a3eea6b68a014be1893c is already allowed
Log: GUID A246C89049F8607CCDD027B868DB2981 already exists.. 
Log:    MD5 1b3dc4c65b322b9a20842faa78506d9d is already allowed
Log: Adding New GUID B13750DF4BD9106AF38CC1B17B30E07E for C:\Program Files (x86)\VUGames\SWAT 4\ContentExpansion\System\SwatObjectives.u
Log:    Allowed MD5 0 [3e590714731526a5da7cdc79410d6c3a]
Log: Adding New GUID EB62ED124957B916A9837F9095D0E411 for C:\Program Files (x86)\VUGames\SWAT 4\ContentExpansion\System\SwatProcedures.u
Log:    Allowed MD5 0 [5c306c947b75a5b5a8885b0c6780d173]
Log: Adding New GUID F218B3B9433BD49D31D29696D86E65F4 for C:\Program Files (x86)\VUGames\SWAT 4\ContentExpansion\System\Tyrion.u
Log:    Allowed MD5 0 [f53947b8c29fbe06198505aa4f0dc155]
Log: Adding New GUID 20B9E7B945AA42226544EEA537154979 for C:\Program Files (x86)\VUGames\SWAT 4\ContentExpansion\System\UWindow.u
Log:    Allowed MD5 0 [7fdc3015c175dbbe02c897bd09827f52]
Log: Adding New GUID 462A294F49D71149255DC2BB6F1B15E1 for C:\Program Files (x86)\VUGames\SWAT 4\ContentExpansion\System\VisualEffectsConfig.u
Log:    Allowed MD5 0 [ed61e3d5c8e004e8ed626365acf73654]
Log: Adding New GUID 866CE227475955400F2DE78C01D09E9D for C:\Program Files (x86)\VUGames\SWAT 4\ContentExpansion\System\Voting.u
Log:    Allowed MD5 0 [f6dc5f4362de7da37cb0707a131059ba]
Log: GUID B20FEC7344313845A5C708BCE541542A already exists.. 
Log:    MD5 1446b0265010f6296b4bcf75376c0f85 is already allowed
Log: GUID 4B6816984AA82B0F19D88ABBE3563F94 already exists.. 
Log:    MD5 7cd8e8d09bc2e6b0e57de7c6bb26c198 is already allowed
Log: GUID 4DF4844843D030A512DDE5B483B889FB already exists.. 
Log:    MD5 b04a390e78707e6b63a6422c6be91704 is already allowed
Log: GUID 33CBFC27478CAC7DAB2B21A5B7A6BCC9 already exists.. 
Log:    MD5 8ea5594cf18cf88d9eb167568804b4b1 is already allowed
Log: GUID B7EC94F04804939ABADECA9E4A7079FA already exists.. 
Log:    MD5 8174694a574f988d42a299c28a50ec3e is already allowed
Log: GUID C820E15E4C3AE9F1266B69B439D6E888 already exists.. 
Log:    MD5 a6968228f9d29687fd9363a213c199e0 is already allowed
Log: GUID 832C59C843E4A61132FD3FABC3F98C27 already exists.. 
Log:    MD5 3349f8a21af2667aaaa8dd1a3fd509b2 is already allowed
Log: GUID B9265309406306578DB9D2AAA76D25CA already exists.. 
Log:    MD5 f18dad9bab3cdec9442f408a1af0ab15 is already allowed
Log: GUID 688D634646007FA6E81B84930B17FE10 already exists.. 
Log:    MD5 08037313b1a735e5260df3737981aa09 is already allowed
Log: GUID 0C56B2114113FC8775FBF48641B970DE already exists.. 
Log:    MD5 dd78623cbe45d23ef92e40bfc5794dfc is already allowed
Log: GUID FBAB77E7468A6D139CF1A0826C551706 already exists.. 
Log:    MD5 19346e81f51551691c9f16460d38e829 is already allowed
Log: GUID D43C01D24A1CD6B5972683BC671F83DC already exists.. 
Log:    MD5 4d806c682863891f6403072b7fec0d9f is already allowed
Log: GUID 80F0C56647EB4F883BC837BD7858805F already exists.. 
Log:    MD5 1af0dfa9f49710bd8f2b0b243ed539ae is already allowed
Log: GUID F93C3CFF4895DF8158F6A6A8E650A6B3 already exists.. 
Log:    MD5 5be208a374b54bcc7b1121c99794899a is already allowed
Log: GUID CFDDF2D04C319053EA850781902920B1 already exists.. 
Log:    MD5 ef2e33e31253d0853bd6a7349a4bf54f is already allowed
Log: GUID 3ECA67054A65021F806B788F6097006E already exists.. 
Log:    MD5 565734230c47536721de90cfcda88d80 is already allowed
Log: GUID EDF493604D96BD49C1316AABAC18A2CC already exists.. 
Log:    MD5 e9d93436b0dc8d9f1659eb2ac5568451 is already allowed
Log: GUID 90CBC29545742E0E352E3B8C7FC1C46C already exists.. 
Log:    MD5 ca7d33cd7a73fa07b0d281bbd0390ec0 is already allowed
Log: GUID B513B3184A64CA3D99432EB58AF4D772 already exists.. 
Log:    MD5 74cde2e8ae49e90bc687316474475f8b is already allowed
Log: GUID 957905FA46AE79CD4E6D8EBF83A6A4A0 already exists.. 
Log:    MD5 359a3987a532af2ed000aaf3cf8662f6 is already allowed
Log: GUID 20BE934F45F6E0FFFF3E68961F0C0A9D already exists.. 
Log:    MD5 f1bd20f30af40849a1846a7ef465f88f is already allowed
Log: ==================================================
Log:  No of Packages in Array: 84
Log: ==================================================
Log:   Package GUID: F6746F6249C8EC8C0DBEB9BA6042CB32 Revision: 0 Native 1
Log:     MD5 #0 [0f1bf2fc8b07fed7352cd0cfda91fb46]
Log:   Package GUID: D1401794486F3F19C3272B9ECCC58A91 Revision: 0 Native 1
Log:     MD5 #0 [73222d2fef371cfffb64ae1a868de688]
Log:   Package GUID: A67169AC4F852527CA2FD6BCCD4BA276 Revision: 0 Native 1
Log:     MD5 #0 [f2c1bbc0ab62367c5f757e90402178f9]
Log:   Package GUID: 18DA94FB495F409E9F14CDAC6A876510 Revision: 0 Native 1
Log:     MD5 #0 [3bdfd23f33eaca3e348c9ad0fe8aa21c]
Log:   Package GUID: AC30A481409371049A6BE7BE350F4793 Revision: 0 Native 1
Log:     MD5 #0 [4144e01e1bafa36fa84105825328cb7e]
Log:   Package GUID: CAF3C15D4199C2192F117A9594AD7C6D Revision: 0 Native 1
Log:     MD5 #0 [6a85b424679705aa99fcc07e9132e489]
Log:   Package GUID: 93E82C164BCFEEC4B8AE4588102751A5 Revision: 0 Native 1
Log:     MD5 #0 [2df4834185d6fdee27ff0adb7d978304]
Log:   Package GUID: 39A5A9AA4BEFD83224C2449AEB964936 Revision: 0 Native 1
Log:     MD5 #0 [102de3bf73da93667309a379575298c8]
Log:   Package GUID: 5388625A4EA38077C06F07B6B7554235 Revision: 0 Native 1
Log:     MD5 #0 [02c0948b3e131d669951aa58eff1eaaf]
Log:   Package GUID: D2604AF94B637D74A466F8B538ED2DAC Revision: 0 Native 1
Log:     MD5 #0 [a54e91e5ab8429ee50a793589ba42dfe]
Log:   Package GUID: 8291850240BC4643DD2FAA866E12BE34 Revision: 0 Native 1
Log:     MD5 #0 [1356b15795f7818a53242cc995622008]
Log:   Package GUID: 0405051E4DB9342E7BB4818BD7F472A4 Revision: 0 Native 1
Log:     MD5 #0 [47410591f71b15b70a255965bf791e8a]
Log:   Package GUID: 39DBEF6F411031615EB9A0A24A1E9475 Revision: 0 Native 1
Log:     MD5 #0 [d4436b70008f7af9082ec3e7d93a9bc3]
Log:   Package GUID: 85F300644D665495977D65B27EC5CE44 Revision: 0 Native 1
Log:     MD5 #0 [7a9f9d3c54810b099d572a9763487e70]
Log:   Package GUID: 02710B8A49EAC69EA7BF35937F351CF0 Revision: 0 Native 1
Log:     MD5 #0 [63f2b7d204a2a03663ce8f64d712bbfd]
Log:   Package GUID: 55C276CC4C827C4C53866DA5A32CF947 Revision: 0 Native 1
Log:     MD5 #0 [fc1353eb857d6873c2d9f00f049ac61b]
Log:   Package GUID: EFC151864FDEC332622EB780298DD717 Revision: 0 Native 1
Log:     MD5 #0 [510752df6117a3eea6b68a014be1893c]
Log:   Package GUID: A246C89049F8607CCDD027B868DB2981 Revision: 0 Native 1
Log:     MD5 #0 [1b3dc4c65b322b9a20842faa78506d9d]
Log:   Package GUID: C4A9081D4C01BEDF54E5C7BBE80C6029 Revision: 0 Native 1
Log:     MD5 #0 [1acbaf5360d02993198861d3557fc09a]
Log:   Package GUID: 45C8F10D477E7DFF02963A925F85E9C1 Revision: 0 Native 1
Log:     MD5 #0 [80c5051fc81b5afe5f63102e518ab4bc]
Log:   Package GUID: D84AF2CF468D4D93B05CD19B4A500C59 Revision: 0 Native 1
Log:     MD5 #0 [74d46385e5ae671b31befef472fe5c17]
Log:   Package GUID: 2865C3EF43EEABC8EB15DFA4736AD1E0 Revision: 0 Native 1
Log:     MD5 #0 [a54a65167d6f661b70dc6fd65db90d70]
Log:   Package GUID: 2A14F4F34A90CEB3A5DB07A9C7A8F18F Revision: 0 Native 1
Log:     MD5 #0 [68a581c8fd2f01ea0a07c364922fa9c1]
Log:   Package GUID: 894E8EB448D6EF32F8E95E91E107F779 Revision: 0 Native 1
Log:     MD5 #0 [8329c84e943a0bd6b87f612f4b4982aa]
Log:   Package GUID: 8CE8C3CE4042620D5F7CFA80416524E2 Revision: 0 Native 1
Log:     MD5 #0 [86c811984dd60b9e7097094da6db3eb7]
Log:   Package GUID: B20FEC7344313845A5C708BCE541542A Revision: 0 Native 1
Log:     MD5 #0 [1446b0265010f6296b4bcf75376c0f85]
Log:   Package GUID: 4B6816984AA82B0F19D88ABBE3563F94 Revision: 0 Native 1
Log:     MD5 #0 [7cd8e8d09bc2e6b0e57de7c6bb26c198]
Log:   Package GUID: 4DF4844843D030A512DDE5B483B889FB Revision: 0 Native 1
Log:     MD5 #0 [b04a390e78707e6b63a6422c6be91704]
Log:   Package GUID: 33CBFC27478CAC7DAB2B21A5B7A6BCC9 Revision: 0 Native 1
Log:     MD5 #0 [8ea5594cf18cf88d9eb167568804b4b1]
Log:   Package GUID: B7EC94F04804939ABADECA9E4A7079FA Revision: 0 Native 1
Log:     MD5 #0 [8174694a574f988d42a299c28a50ec3e]
Log:   Package GUID: C820E15E4C3AE9F1266B69B439D6E888 Revision: 0 Native 1
Log:     MD5 #0 [a6968228f9d29687fd9363a213c199e0]
Log:   Package GUID: 832C59C843E4A61132FD3FABC3F98C27 Revision: 0 Native 1
Log:     MD5 #0 [3349f8a21af2667aaaa8dd1a3fd509b2]
Log:   Package GUID: B9265309406306578DB9D2AAA76D25CA Revision: 0 Native 1
Log:     MD5 #0 [f18dad9bab3cdec9442f408a1af0ab15]
Log:   Package GUID: 688D634646007FA6E81B84930B17FE10 Revision: 0 Native 1
Log:     MD5 #0 [08037313b1a735e5260df3737981aa09]
Log:   Package GUID: 0C56B2114113FC8775FBF48641B970DE Revision: 0 Native 1
Log:     MD5 #0 [dd78623cbe45d23ef92e40bfc5794dfc]
Log:   Package GUID: FBAB77E7468A6D139CF1A0826C551706 Revision: 0 Native 1
Log:     MD5 #0 [19346e81f51551691c9f16460d38e829]
Log:   Package GUID: D43C01D24A1CD6B5972683BC671F83DC Revision: 0 Native 1
Log:     MD5 #0 [4d806c682863891f6403072b7fec0d9f]
Log:   Package GUID: 3B33EED5488F0965021459A7CD0DE359 Revision: 0 Native 1
Log:     MD5 #0 [dfdf9ef3a7575a8fa91c85e2c43763fa]
Log:   Package GUID: 6419DBBE4E570840CC2572A361845F12 Revision: 0 Native 1
Log:     MD5 #0 [bf30b24b35f2e6b705455b7f020048d8]
Log:   Package GUID: 97F59F61401F1B9EB469D3911569619C Revision: 0 Native 1
Log:     MD5 #0 [4332c4b1eb6a11b51ab2250c5135fb6c]
Log:   Package GUID: 5198B6D94129C74B5448069A48F3D26D Revision: 0 Native 1
Log:     MD5 #0 [cc326a167d023382916d51eb3a6f9fcf]
Log:   Package GUID: 08DF72F640F8CA6AE22E6DB7861C4803 Revision: 0 Native 1
Log:     MD5 #0 [047ce0bab82dd98cad95c731c8b65f6d]
Log:   Package GUID: 85666A5E495196E22D90B1A066E0B525 Revision: 0 Native 1
Log:     MD5 #0 [89d2000247eb1308a8f74e596e33979a]
Log:   Package GUID: 2869BA6F425CEADB3C884087F580A334 Revision: 0 Native 1
Log:     MD5 #0 [06fa5cbf755aea5704d424de77449da0]
Log:   Package GUID: 9935EA54463E697783A527AAF301E698 Revision: 0 Native 1
Log:     MD5 #0 [454c2f0a2662c69af38617c5703aae0c]
Log:   Package GUID: 8932302F4358A2EFAA967E81F0E3F489 Revision: 0 Native 1
Log:     MD5 #0 [82c53b706a4af07fa995d543ed464f2a]
Log:   Package GUID: CFFB8FD7441A2DD2A87EDDA6E37A46A9 Revision: 0 Native 1
Log:     MD5 #0 [7efcdad15a0f7fb3350ceb129f22a262]
Log:   Package GUID: C77989434163D4A53C12708051352DE8 Revision: 0 Native 1
Log:     MD5 #0 [48c2ff1b80b19b9d9a8d5f303c990d0b]
Log:   Package GUID: 902E406840BF0206D1FA32B2DFCCD399 Revision: 0 Native 1
Log:     MD5 #0 [d8a3da5429e23bb6a26d10a539e8ba88]
Log:   Package GUID: 0C9771CF4180BBFB45C751B36F660341 Revision: 0 Native 1
Log:     MD5 #0 [7767437172c430c7600fd9937273a732]
Log:   Package GUID: BC3F2FBA481EBFD8C0CA8CB5AEAC23A4 Revision: 0 Native 1
Log:     MD5 #0 [f00950c36bb44fb8cde6ce6f6f3ab5ed]
Log:   Package GUID: 0791A39144E0D62AA858F6A446C29167 Revision: 0 Native 1
Log:     MD5 #0 [312345124fdb7fd7bc0cabf5043e761a]
Log:   Package GUID: D5A74E5C4F6141B73083B08A564260F5 Revision: 0 Native 1
Log:     MD5 #0 [7bafc4d93a4c8b27836c66b40386b7ac]
Log:   Package GUID: 6367224944334ACCDD74BBBE235C169C Revision: 0 Native 1
Log:     MD5 #0 [05b6abfec5b4a6f6e9cb1cec5a184b4f]
Log:   Package GUID: 80F0C56647EB4F883BC837BD7858805F Revision: 0 Native 1
Log:     MD5 #0 [1af0dfa9f49710bd8f2b0b243ed539ae]
Log:   Package GUID: F93C3CFF4895DF8158F6A6A8E650A6B3 Revision: 0 Native 1
Log:     MD5 #0 [5be208a374b54bcc7b1121c99794899a]
Log:   Package GUID: CFDDF2D04C319053EA850781902920B1 Revision: 0 Native 1
Log:     MD5 #0 [ef2e33e31253d0853bd6a7349a4bf54f]
Log:   Package GUID: 3ECA67054A65021F806B788F6097006E Revision: 0 Native 1
Log:     MD5 #0 [565734230c47536721de90cfcda88d80]
Log:   Package GUID: EDF493604D96BD49C1316AABAC18A2CC Revision: 0 Native 1
Log:     MD5 #0 [e9d93436b0dc8d9f1659eb2ac5568451]
Log:   Package GUID: 90CBC29545742E0E352E3B8C7FC1C46C Revision: 0 Native 1
Log:     MD5 #0 [ca7d33cd7a73fa07b0d281bbd0390ec0]
Log:   Package GUID: B513B3184A64CA3D99432EB58AF4D772 Revision: 0 Native 1
Log:     MD5 #0 [74cde2e8ae49e90bc687316474475f8b]
Log:   Package GUID: 957905FA46AE79CD4E6D8EBF83A6A4A0 Revision: 0 Native 1
Log:     MD5 #0 [359a3987a532af2ed000aaf3cf8662f6]
Log:   Package GUID: 20BE934F45F6E0FFFF3E68961F0C0A9D Revision: 0 Native 1
Log:     MD5 #0 [f1bd20f30af40849a1846a7ef465f88f]
Log:   Package GUID: 2D74758B46AD6D4E0BBBE5B56695633F Revision: 0 Native 1
Log:     MD5 #0 [0dfc89a03fb4fcb23d8d912fb93799d1]
Log:   Package GUID: B1B11B7F48D537602538338EEA246424 Revision: 0 Native 1
Log:     MD5 #0 [2d3601c35176c6dc3bd80ae69b6aec15]
Log:   Package GUID: E79DA6A2438DD8B045A3D49A53168BA9 Revision: 0 Native 1
Log:     MD5 #0 [ca83226ba0e743d48ebee6c653962d68]
Log:   Package GUID: DB60F1D94D6AB2F1AE4A21958D4B453C Revision: 0 Native 1
Log:     MD5 #0 [8cb8f9ac44d48dfbc7e701124799c90b]
Log:   Package GUID: DD202BCC4AF93875102F06B6115814B8 Revision: 0 Native 1
Log:     MD5 #0 [bd8760cddc9bb6ec0ef1536fb36c8a5f]
Log:   Package GUID: A0F2ED4F42BA959A9DEF18883C385559 Revision: 0 Native 1
Log:     MD5 #0 [6c5086d706dc97a9247609cca00aabcf]
Log:   Package GUID: B4773F9A4C1A765DB6B667886DBEE797 Revision: 0 Native 1
Log:     MD5 #0 [16e38791803df353121967deb2d8f4a3]
Log:   Package GUID: 321C619A4441265753972C97947BE8D6 Revision: 0 Native 1
Log:     MD5 #0 [b0a12ed890c6cfa1eac2de95c5afcc36]
Log:   Package GUID: C8A256D442AF5861C35FE5BEC70B6A37 Revision: 0 Native 1
Log:     MD5 #0 [3f650a112a165caa311834fb43e701bf]
Log:   Package GUID: 2C75397B4A4B4B6F48ABBC9943561187 Revision: 0 Native 1
Log:     MD5 #0 [86b0ed268f67c7f43019ccf534644815]
Log:   Package GUID: 3D3E82F846249E80DCF1399953A6B631 Revision: 0 Native 1
Log:     MD5 #0 [fa54273f19b911dcd189c6dd021a5953]
Log:   Package GUID: 76B432A24F22275A7DA4BE9BF273B1E3 Revision: 0 Native 1
Log:     MD5 #0 [3b89fda165bb3befca698f1d1d18e813]
Log:   Package GUID: ECCAC9104D1FC7DA340FBEABD9B42694 Revision: 0 Native 1
Log:     MD5 #0 [6d72150da56547541d6503eb4aca9567]
Log:   Package GUID: 597C1FC24106893F5C335B93EDA2E989 Revision: 0 Native 1
Log:     MD5 #0 [fe65a2a407d2212cc4e302bcf197a0ec]
Log:   Package GUID: A96F272642301CEA1F755E8484FD357B Revision: 0 Native 1
Log:     MD5 #0 [92725ebee4bd9b2ca201fb421154bac4]
Log:   Package GUID: B13750DF4BD9106AF38CC1B17B30E07E Revision: 0 Native 1
Log:     MD5 #0 [3e590714731526a5da7cdc79410d6c3a]
Log:   Package GUID: EB62ED124957B916A9837F9095D0E411 Revision: 0 Native 1
Log:     MD5 #0 [5c306c947b75a5b5a8885b0c6780d173]
Log:   Package GUID: F218B3B9433BD49D31D29696D86E65F4 Revision: 0 Native 1
Log:     MD5 #0 [f53947b8c29fbe06198505aa4f0dc155]
Log:   Package GUID: 20B9E7B945AA42226544EEA537154979 Revision: 0 Native 1
Log:     MD5 #0 [7fdc3015c175dbbe02c897bd09827f52]
Log:   Package GUID: 462A294F49D71149255DC2BB6F1B15E1 Revision: 0 Native 1
Log:     MD5 #0 [ed61e3d5c8e004e8ed626365acf73654]
Log:   Package GUID: 866CE227475955400F2DE78C01D09E9D Revision: 0 Native 1
Log:     MD5 #0 [f6dc5f4362de7da37cb0707a131059ba]
Log: ==================================================
Log: This MD5 Database is at revision level 0
Log: Save=1.705521
Log: Moving 'Save.tmp' to 'Packages.md5'
Log: Success - 0 error(s), 0 warning(s)
Exit: Preparing to exit.
Log: Purging garbage
Log: Unbound to Core.dll
Log: Unbound to Engine.dll
Log: 0.0ms Unloading: Package Engine
Log: 0.0ms Unloading: Package Core
Log: 0.0ms Unloading: Package Engine_res
Log: 0.0ms Unloading: Package SWAT4editorTex
Log: 0.0ms Unloading: Package SwatGear_sm
Log: 0.0ms Unloading: Package SwatGearTex
Log: 0.0ms Unloading: Package SWAT1stPersonTex
Log: 0.0ms Unloading: Package SwatFXtex
Log: 0.0ms Unloading: Package MaleGang1Tex
Log: 0.0ms Unloading: Package HUD
Log: 0.0ms Unloading: Package EditorSprites
Log: 0.0ms Unloading: Package FP_Hand2
Log: Unbound to IGEffectsSystem.dll
Log: 0.0ms Unloading: Package IGEffectsSystem
Log: 0.0ms Unloading: Package Editor_res
Log: 0.0ms Unloading: Package Hotel_sm
Log: 0.0ms Unloading: Package Hotel
Log: 1.0ms Unloading: Package MetalShaders
Log: 1.0ms Unloading: Package Repo_Tex
Log: 1.0ms Unloading: Package Arms_Tex
Log: 1.0ms Unloading: Package Silence_Tex
Log: 1.0ms Unloading: Package office_Tex
Log: 1.0ms Unloading: Package DNA_tex
Log: 1.0ms Unloading: Package VIP_Tex
Log: 1.0ms Unloading: Package HotelFXtex
Log: 1.0ms Unloading: Package barbershop_tex
Log: Garbage: objects: 555->0; refs: 0
Exit: Object subsystem successfully closed.
Exit: Exiting.
Log: Waiting for file streaming thread to finish...
Uninitialized: Name subsystem shut down
Uninitialized: Allocation checking disabled
Uninitialized: Log file closed, 04/21/20 20:53:34
